This is pdfeTeX, Version 3.141592-1.21a-2.2 (Web2C 7.5.4) (format=pdflatex 2010.8.12)  28 JUL 2012 12:41
entering extended mode
**main
(./main.tex
LaTeX2e <2003/12/01>
Babel <v3.8d> and hyphenation patterns for american, french, german, ngerman, b
ahasa, basque, bulgarian, catalan, croatian, czech, danish, dutch, esperanto, e
stonian, finnish, greek, icelandic, irish, italian, latin, magyar, norsk, polis
h, portuges, romanian, russian, serbian, slovak, slovene, spanish, swedish, tur
kish, ukrainian, nohyphenation, loaded.
(./sig-alternate.cls (/usr/share/texmf/tex/latex/graphics/epsfig.sty
Package: epsfig 1999/02/16 v1.7a (e)psfig emulation (SPQR)

(/usr/share/texmf/tex/latex/graphics/graphicx.sty
Package: graphicx 1999/02/16 v1.0f Enhanced LaTeX Graphics (DPC,SPQR)

(/usr/share/texmf/tex/latex/graphics/keyval.sty
Package: keyval 1999/03/16 v1.13 key=value parser (DPC)
\KV@toks@=\toks14
)
(/usr/share/texmf/tex/latex/graphics/graphics.sty
Package: graphics 2001/07/07 v1.0n Standard LaTeX Graphics (DPC,SPQR)

(/usr/share/texmf/tex/latex/graphics/trig.sty
Package: trig 1999/03/16 v1.09 sin cos tan (DPC)
)
(/usr/share/texmf/tex/latex/graphics/graphics.cfg
File: graphics.cfg 2005/02/03 v1.3 graphics configuration of teTeX/TeXLive
)
Package graphics Info: Driver file: pdftex.def on input line 80.

(/usr/share/texmf/tex/latex/graphics/pdftex.def
File: pdftex.def 2002/06/19 v0.03k graphics/color for pdftex
\Gread@gobject=\count79
))
\Gin@req@height=\dimen102
\Gin@req@width=\dimen103
)
\epsfxsize=\dimen104
\epsfysize=\dimen105
)
(/usr/share/texmf/tex/latex/amsfonts/amssymb.sty
Package: amssymb 2002/01/22 v2.2d

(/usr/share/texmf/tex/latex/amsfonts/amsfonts.sty
Package: amsfonts 2001/10/25 v2.2f
\@emptytoks=\toks15
\symAMSa=\mathgroup4
\symAMSb=\mathgroup5
LaTeX Font Info:    Overwriting math alphabet `\mathfrak' in version `bold'
(Font)                  U/euf/m/n --> U/euf/b/n on input line 132.
))
(/usr/share/texmf/tex/latex/amsmath/amsmath.sty
Package: amsmath 2000/07/18 v2.13 AMS math features
\@mathmargin=\skip41

For additional information on amsmath, use the `?' option.
(/usr/share/texmf/tex/latex/amsmath/amstext.sty
Package: amstext 2000/06/29 v2.01

(/usr/share/texmf/tex/latex/amsmath/amsgen.sty
File: amsgen.sty 1999/11/30 v2.0
\@emptytoks=\toks16
\ex@=\dimen106
))
(/usr/share/texmf/tex/latex/amsmath/amsbsy.sty
Package: amsbsy 1999/11/29 v1.2d
\pmbraise@=\dimen107
)
(/usr/share/texmf/tex/latex/amsmath/amsopn.sty
Package: amsopn 1999/12/14 v2.01 operator names
)
\inf@bad=\count80
LaTeX Info: Redefining \frac on input line 211.
\uproot@=\count81
\leftroot@=\count82
LaTeX Info: Redefining \overline on input line 307.
\classnum@=\count83
\DOTSCASE@=\count84
LaTeX Info: Redefining \ldots on input line 379.
LaTeX Info: Redefining \dots on input line 382.
LaTeX Info: Redefining \cdots on input line 467.
\Mathstrutbox@=\box26
\strutbox@=\box27
\big@size=\dimen108
LaTeX Font Info:    Redeclaring font encoding OML on input line 567.
LaTeX Font Info:    Redeclaring font encoding OMS on input line 568.
\macc@depth=\count85
\c@MaxMatrixCols=\count86
\dotsspace@=\muskip10
\c@parentequation=\count87
\dspbrk@lvl=\count88
\tag@help=\toks17
\row@=\count89
\column@=\count90
\maxfields@=\count91
\andhelp@=\toks18
\eqnshift@=\dimen109
\alignsep@=\dimen110
\tagshift@=\dimen111
\tagwidth@=\dimen112
\totwidth@=\dimen113
\lineht@=\dimen114
\@envbody=\toks19
\multlinegap=\skip42
\multlinetaggap=\skip43
\mathdisplay@stack=\toks20
LaTeX Info: Redefining \[ on input line 2666.
LaTeX Info: Redefining \] on input line 2667.
)
Document Class 'sig-alternate' <11th. May '01>. Modified by G.K.M. Tobin/Gerry 
Murray
Based in part upon document Style `acmconf' <22 May 89>. Hacked 4/91 by
shivers@cs.cmu.edu, 4/93 by theobald@cs.mcgill.ca
Excerpts were taken from (Journal Style) 'esub2acm.cls'.
****** Bugs/comments/suggestions/technicalities to Gerry Murray -- murray@hq.ac
m.org ******
Questions on the style, SIGS policies, etc. to Julie Goetz goetz@acm.org or Adr
ienne Griscti griscti@acm.org
\footheight=\dimen115
\@maxsep=\dimen116
\@dblmaxsep=\dimen117
\aucount=\count92
\originalaucount=\count93
\auwidth=\dimen118
\auskip=\dimen119
\auskipcount=\count94
\auskip=\dimen120
\allauboxes=\dimen121
\addauthors=\toks21
\addauflag=\count95
\subtitletext=\toks22
\savesection=\count96
\sectioncntr=\count97
\c@figure=\count98
\c@table=\count99
\titleboxnotes=\toks23
\titleboxnoteflag=\count100
Document Class: sig-alternate 2001/05/11 - V1.1 - based on acmproc.cls V1.3 <No
v. 30 '99>
(/usr/share/texmf/tex/latex/base/latexsym.sty
Package: latexsym 1998/08/17 v2.2e Standard LaTeX package (lasy symbols)
\symlasy=\mathgroup6
LaTeX Font Info:    Overwriting symbol font `lasy' in version `bold'
(Font)                  U/lasy/m/n --> U/lasy/b/n on input line 47.
)
\@acmtitlebox=\box28
\titlenotecount=\count101
\tntoks=\toks24
\tntokstwo=\toks25
\tntoksthree=\toks26
\tntoksfour=\toks27
\tntoksfive=\toks28
\catcount=\count102
\copyrightnotice=\toks29
\conf=\toks30
\confinfo=\toks31
\c@part=\count103
\c@section=\count104
\c@subsection=\count105
\c@subsubsection=\count106
\c@paragraph=\count107

Using 'Abbrev' bibliography style
\bibindent=\dimen122
\colcntr=\count108
\savebox=\box29
\copyrtyr=\toks32
\acmcopyr=\toks33
\boilerplate=\toks34
\copyrightetc=\toks35
) (/usr/share/texmf/tex/latex/endnotes/endnotes.sty
\c@endnote=\count109
\endnotesep=\dimen123
\@enotes=\write3
)
(/usr/share/texmf/tex/latex/psnfss/times.sty
Package: times 2004/09/15 PSNFSS-v9.2 (SPQR) 
)
(/usr/share/texmf/tex/latex/url/url.sty
\Urlmuskip=\muskip11
Package: url 2004/03/15  ver 3.1  Verb mode for urls, etc.
) (./clrscode.sty
Package: clrscode 2007/03/29 v1.7 format pseudocode
\c@codelinenumber=\count110
\c@indent=\count111
\digitwidth=\skip44
\savecode=\box30
\codeboxwidth=\skip45
\c@thisindent=\count112
)
(/usr/share/texmf/tex/latex/mh/mathtools.sty
Package: mathtools 2004/10/10 v1.01a mathematical typesetting tools (MH)

(/usr/share/texmf/tex/latex/tools/calc.sty
Package: calc 1998/07/07 v4.1b Infix arithmetic (KKT,FJ)
\calc@Acount=\count113
\calc@Bcount=\count114
\calc@Adimen=\dimen124
\calc@Bdimen=\dimen125
\calc@Askip=\skip46
\calc@Bskip=\skip47
LaTeX Info: Redefining \setlength on input line 59.
LaTeX Info: Redefining \addtolength on input line 60.
\calc@denominator=\count115
)
(/usr/share/texmf/tex/latex/mh/mhsetup.sty
Package: mhsetup 2004/10/10 v1.0b programming setup (MH)
)
\g_MT_multlinerow_int=\count116
\l_MT_multwidth_dim=\dimen126
)
(/usr/share/texmf/tex/latex/algorithms/algorithmic.sty
Package: algorithmic 

Document Style `algorithmic' - environment
(/usr/share/texmf/tex/latex/base/ifthen.sty
Package: ifthen 2001/05/26 v1.1c Standard LaTeX ifthen package (DPC)
)
\c@ALC@line=\count117
\c@ALC@rem=\count118
\c@ALC@depth=\count119
\ALC@tlm=\skip48
)
(/usr/share/texmf/tex/latex/algorithms/algorithm.sty
Package: algorithm 

Document Style `algorithm' - floating environment
(/usr/share/texmf/tex/latex/float/float.sty
Package: float 2001/11/08 v1.3d Float enhancements (AL)
\c@float@type=\count120
\float@exts=\toks36
\float@box=\box31
\@float@everytoks=\toks37
\@floatcapt=\box32
)
\@float@every@algorithm=\toks38
\c@algorithm=\count121
)
(/usr/share/texmf/tex/latex/comment/comment.sty
\CommentStream=\write4
 Excluding comment 'comment')
(/usr/share/texmf/tex/latex/preprint/balance.sty
Package: balance 1999/02/23 4.3 (PWD)
\oldvsize=\dimen127
)
(/usr/share/texmf/tex/latex/multirow/multirow.sty
\bigstrutjot=\dimen128
)
(/usr/share/texmf/tex/latex/jknappen/mathrsfs.sty
Package: mathrsfs 1996/01/01 Math RSFS package v1.0 (jk)
\symrsfs=\mathgroup7
)
(/usr/share/texmf/tex/latex/listings/listings.sty
\lst@mode=\count122
\lst@gtempboxa=\box33
\lst@token=\toks39
\lst@length=\count123
\lst@currlwidth=\dimen129
\lst@column=\count124
\lst@pos=\count125
\lst@lostspace=\dimen130
\lst@width=\dimen131
\lst@newlines=\count126
\lst@lineno=\count127
\c@lstlisting=\count128
\abovecaptionskip=\skip49
\belowcaptionskip=\skip50
\lst@maxwidth=\dimen132

(/usr/share/texmf/tex/latex/listings/lstpatch.sty
File: lstpatch.sty 2004/10/17 1.3b (Carsten Heinz)
)
(/usr/share/texmf/tex/latex/listings/lstmisc.sty
File: lstmisc.sty 2004/09/07 1.3 (Carsten Heinz)
\c@lstnumber=\count129
\lst@skipnumbers=\count130
\lst@framebox=\box34
)
(/usr/share/texmf/tex/latex/listings/listings.cfg
File: listings.cfg 2004/09/05 1.3 listings configuration
))
Package: listings 2004/10/17 1.3b (Carsten Heinz)
 (./widow.sty
Package: widow 
)
(./needspace.sty
Package: needspace 2003/02/18 v1.3a reserve vertical space
) (./minted.sty
Package: minted 2011/09/17 v1.7 Yet another Pygments shim for LaTeX

(/usr/share/texmf/tex/latex/fancyvrb/fancyvrb.sty
Package: fancyvrb 1998/07/17

Style option: `fancyvrb' v2.6, with DG/SPQR fixes <1998/07/17> (tvz)
\FV@CodeLineNo=\count131
\FV@InFile=\read1
\FV@TabBox=\box35
\c@FancyVerbLine=\count132
\FV@StepNumber=\count133
\FV@OutFile=\write5

No file fancyvrb.cfg.
) (/usr/share/texmf/tex/latex/xcolor/xcolor.sty
Package: xcolor 2004/07/04 v2.00 LaTeX color extensions (UK)

(/usr/share/texmf/tex/latex/graphics/color.cfg
File: color.cfg 2005/02/03 v1.3 color configuration of teTeX/TeXLive
)
Package xcolor Info: Driver file: pdftex.def on input line 136.
Package xcolor Info: Color model `cmy' added on input line 972.
Package xcolor Info: Color model `hsb' added on input line 980.
Package xcolor Info: Color model `HTML' added on input line 1000.
Package xcolor Info: Color model `HSB' added on input line 1006.
Package xcolor Info: Color model `Gray' added on input line 1012.
) (./ifplatform.sty
Package: ifplatform 2009/09/10 v0.3a Testing for the operating system

(./pdftexcmds.sty
Package: pdftexcmds 2011/04/22 v0.16 Utilities of pdfTeX for LuaTeX (HO)
 (./infwarerr.sty
Package: infwarerr 2007/09/09 v1.2 Providing info/warning/message (HO)
) (./ifluatex.sty
Package: ifluatex 2010/03/01 v1.3 Provides the ifluatex switch (HO)
Package ifluatex Info: LuaTeX not detected.
) (./ltxcmds.sty
Package: ltxcmds 2010/03/09 v1.4 LaTeX kernel commands for general use (HO)
)

LaTeX Warning: You have requested, on input line 186, version
               `2010/12/02' of package ltxcmds,
               but only version
               `2010/03/09 v1.4 LaTeX kernel commands for general use (HO)'
               is available.

(/usr/share/texmf/tex/latex/oberdiek/ifpdf.sty
Package: ifpdf 2001/06/14 v1.0 Providing \ifpdf (HO)
Package ifpdf Info: pdfTeX in pdf mode detected on input line 140.
)

LaTeX Warning: You have requested, on input line 187, version
               `2010/09/13' of package ifpdf,
               but only version
               `2001/06/14 v1.0 Providing \ifpdf (HO)'
               is available.

Package pdftexcmds Info: LuaTeX not detected.
Package pdftexcmds Info: pdfTeX >= 1.30 not detected.
Package pdftexcmds Info: \pdf@primitive is not available.
Package pdftexcmds Info: \pdf@ifprimitive is not available.
Package pdftexcmds Info: \pdfdraftmode not found.
) (./catchfile.sty
Package: catchfile 2007/11/11 v1.2 Catches the contents of a file (HO)
)

Package ifplatform Warning: 
    shell escape is disabled, so I can only detect \ifwindows.

)
\minted@bgbox=\box36
\minted@code=\write6
\@float@every@listing=\toks40
\c@listing=\count134
)

! Package minted Error: You must invoke LaTeX with the -shell-escape flag.

See the minted package documentation for explanation.
Type  H <return>  for immediate help.
 ...                                              
                                                  
l.33 \newtheorem
                {dfn}{Definition}
? 
which pygmentize && touch main.aex
system()...disabled.


! Package minted Error: You must have `pygmentize' installed to use this packag
e.

See the minted package documentation for explanation.
Type  H <return>  for immediate help.
 ...                                              
                                                  
l.33 \newtheorem
                {dfn}{Definition}
? 
\c@dfn=\count135
\c@thm=\count136
(./main.aux)
\openout1 = `main.aux'.

LaTeX Font Info:    Checking defaults for OML/cmm/m/it on input line 40.
LaTeX Font Info:    ... okay on input line 40.
LaTeX Font Info:    Checking defaults for T1/cmr/m/n on input line 40.
LaTeX Font Info:    ... okay on input line 40.
LaTeX Font Info:    Checking defaults for OT1/cmr/m/n on input line 40.
LaTeX Font Info:    ... okay on input line 40.
LaTeX Font Info:    Checking defaults for OMS/cmsy/m/n on input line 40.
LaTeX Font Info:    ... okay on input line 40.
LaTeX Font Info:    Checking defaults for OMX/cmex/m/n on input line 40.
LaTeX Font Info:    ... okay on input line 40.
LaTeX Font Info:    Checking defaults for U/cmr/m/n on input line 40.
LaTeX Font Info:    ... okay on input line 40.
LaTeX Font Info:    Try loading font information for OT1+ptm on input line 40.
 (/usr/share/texmf/tex/latex/psnfss/ot1ptm.fd
File: ot1ptm.fd 2001/06/04 font definitions for OT1/ptm.
)
(/usr/share/texmf/tex/context/base/supp-pdf.tex
(/usr/share/texmf/tex/context/base/supp-mis.tex
loading : Context Support Macros / Miscellaneous (2004.10.26)
\protectiondepth=\count137
\scratchcounter=\count138
\scratchtoks=\toks41
\scratchdimen=\dimen133
\scratchskip=\skip51
\scratchmuskip=\muskip12
\scratchbox=\box37
\scratchread=\read2
\scratchwrite=\write7
\zeropoint=\dimen134
\onepoint=\dimen135
\onebasepoint=\dimen136
\minusone=\count139
\thousandpoint=\dimen137
\onerealpoint=\dimen138
\emptytoks=\toks42
\nextbox=\box38
\nextdepth=\dimen139
\everyline=\toks43
\!!counta=\count140
\!!countb=\count141
\recursecounter=\count142
)
loading : Context Support Macros / PDF (2004.03.26)
\nofMPsegments=\count143
\nofMParguments=\count144
\MPscratchCnt=\count145
\MPscratchDim=\dimen140
\MPnumerator=\count146
\everyMPtoPDFconversion=\toks44
)pygmentize -S default -f latex > main.pyg
system()...disabled.

 (./main.pyg
! Misplaced alignment tab character &.
l.8   err = LookupWin(&
                       win,stuff->window, c);
? 
! Misplaced alignment tab character &.
l.9   rc =  LookupProperty(&
                            pProp, win,
? 
! Too many }'s.
l.32 }
      
? 
) [1{/usr/share/texmf-var/fonts/map/pdftex/updmap/pdftex.map}]
LaTeX Font Info:    Try loading font information for U+msa on input line 94.

(/usr/share/texmf/tex/latex/amsfonts/umsa.fd
File: umsa.fd 2002/01/19 v2.2g AMS font definitions
)
LaTeX Font Info:    Try loading font information for U+msb on input line 94.

(/usr/share/texmf/tex/latex/amsfonts/umsb.fd
File: umsb.fd 2002/01/19 v2.2g AMS font definitions
)
LaTeX Font Info:    Try loading font information for U+lasy on input line 94.

(/usr/share/texmf/tex/latex/base/ulasy.fd
File: ulasy.fd 1998/08/17 v2.2e LaTeX symbol font definitions
)
LaTeX Font Info:    Try loading font information for U+rsfs on input line 94.

(/usr/share/texmf/tex/latex/jknappen/ursfs.fd
File: ursfs.fd 1998/03/24 rsfs font definition file (jk)
) (./abstract.tex
LaTeX Font Info:    Font shape `OT1/ptm/bx/n' in size <9> not available
(Font)              Font shape `OT1/ptm/b/n' tried instead on input line 18.
) (./intro.tex

LaTeX Warning: Citation `Anderson72' on page 2 undefined on input line 13.


Overfull \hbox (3.11427pt too wide) in paragraph at lines 5--21
\OT1/ptm/m/n/9 servers must en-sure that when a client re-quests to per-form a 
security-
 []


LaTeX Warning: Citation `gd72' on page 2 undefined on input line 24.


LaTeX Warning: Citation `m90' on page 2 undefined on input line 24.


LaTeX Warning: Citation `inevitable' on page 2 undefined on input line 26.


LaTeX Warning: Citation `wcs+02' on page 2 undefined on input line 27.


LaTeX Warning: Citation `ep91' on page 2 undefined on input line 31.


LaTeX Warning: Citation `ksv03' on page 2 undefined on input line 31.


LaTeX Warning: Citation `w96a' on page 2 undefined on input line 31.


LaTeX Warning: Citation `ksv03' on page 2 undefined on input line 33.


LaTeX Warning: Citation `se-apache' on page 2 undefined on input line 34.


LaTeX Warning: Citation `sepostgres' on page 2 undefined on input line 34.


LaTeX Warning: Citation `dbus' on page 2 undefined on input line 34.


LaTeX Warning: Citation `gconf' on page 2 undefined on input line 34.


LaTeX Warning: Citation `trustedbsd' on page 2 undefined on input line 35.


LaTeX Warning: Citation `se-darwin' on page 2 undefined on input line 35.


LaTeX Warning: Citation `tsol_rbac' on page 2 undefined on input line 35.


LaTeX Warning: Citation `shype' on page 2 undefined on input line 36.


LaTeX Warning: Citation `xsm-flask' on page 2 undefined on input line 36.


LaTeX Warning: Citation `x-complaint' on page 2 undefined on input line 45.


LaTeX Warning: Citation `postgres-complaint' on page 2 undefined on input line 
45.


LaTeX Warning: Citation `ejz02' on page 2 undefined on input line 47.


LaTeX Warning: Citation `zej02' on page 2 undefined on input line 47.


LaTeX Warning: Citation `Tan08' on page 2 undefined on input line 48.


LaTeX Warning: Citation `ksv03' on page 2 undefined on input line 50.


LaTeX Warning: Citation `wal07' on page 2 undefined on input line 51.


LaTeX Warning: Citation `jez04' on page 2 undefined on input line 59.


LaTeX Warning: Citation `Tan08' on page 2 undefined on input line 59.


LaTeX Warning: Citation `Shmat11' on page 2 undefined on input line 59.


LaTeX Warning: Citation `gjj06' on page 2 undefined on input line 60.


LaTeX Warning: Citation `gkj+07' on page 2 undefined on input line 60.


LaTeX Warning: Citation `gkj+07' on page 2 undefined on input line 62.


LaTeX Warning: Citation `gjj06' on page 2 undefined on input line 62.


LaTeX Warning: Citation `gkj+07' on page 2 undefined on input line 65.

[2

]
Overfull \hbox (2.43939pt too wide) in paragraph at lines 68--85
\OT1/ptm/m/n/9 place-ments that pro-vide com-plete me-di-a-tion, while op-ti-mi
z-ing away
 []


LaTeX Warning: Citation `cil' on page 3 undefined on input line 105.


Overfull \hbox (1.86378pt too wide) in paragraph at lines 127--136
\OT1/ptm/m/n/9 the X server, post-gresql, Pen-n-Mush, and mem-cached, demon-
 []

) (./problem3.tex

LaTeX Warning: Citation `Anderson72' on page 3 undefined on input line 18.


Overfull \hbox (10.16145pt too wide) in paragraph at lines 47--57
\OT1/ptm/m/n/9 force-ment. In prior ap-proaches, these def-i-ni-tions are progr
am-specific,
 []


LaTeX Warning: Citation `zej02' on page 3 undefined on input line 64.


LaTeX Warning: Citation `ejz02' on page 3 undefined on input line 64.


LaTeX Warning: Citation `gjj05' on page 3 undefined on input line 64.


LaTeX Warning: Citation `gjj06' on page 3 undefined on input line 64.


LaTeX Warning: Citation `gkj+07' on page 3 undefined on input line 64.


LaTeX Warning: Citation `Tan08' on page 3 undefined on input line 64.


LaTeX Warning: Citation `Shmat11' on page 3 undefined on input line 64.


LaTeX Warning: Citation `adsafe' on page 3 undefined on input line 64.


LaTeX Warning: Citation `Sun11' on page 3 undefined on input line 64.


LaTeX Warning: Citation `Shmat11' on page 3 undefined on input line 107.


LaTeX Warning: Citation `ES00' on page 3 undefined on input line 108.


LaTeX Warning: Citation `gkj+07' on page 3 undefined on input line 111.


Overfull \hbox (11.2407pt too wide) in paragraph at lines 98--115
\OT1/ptm/m/n/9 re-searchers use the struc-ture mem-ber ac-cesses on the securit
y-sensitive
 []

[3]

LaTeX Warning: Citation `postgres-discuss' on page 4 undefined on input line 13
2.


LaTeX Warning: Citation `gjj06' on page 4 undefined on input line 221.


LaTeX Warning: Citation `gkj+07' on page 4 undefined on input line 221.


Overfull \hbox (7.57796pt too wide) in paragraph at lines 213--235
\OT1/ptm/m/n/9 iden-ti-fy-ing security-sensitive ob-jects and op-er-a-tions tha
t more closely
 []

) (./approach.tex <appr.pdf, id=29, 546.04pt x 670.505pt>
File: appr.pdf Graphic file (type pdf)
 <use appr.pdf>
LaTeX Font Info:    Try loading font information for OT1+pcr on input line 127.


(/usr/share/texmf/tex/latex/psnfss/ot1pcr.fd
File: ot1pcr.fd 2001/06/04 font definitions for OT1/pcr.
) [4 <./appr.pdf>]) (./design2.tex
\c@mydef=\count147

<design.pdf, id=224, 571.13374pt x 564.1075pt>
File: design.pdf Graphic file (type pdf)
 <use design.pdf>

LaTeX Warning: Citation `Chang-coma' on page 5 undefined on input line 34.


LaTeX Warning: Citation `Staffordthesis' on page 5 undefined on input line 49.


LaTeX Warning: Citation `Livshits05' on page 5 undefined on input line 232.


LaTeX Warning: Citation `pixy' on page 5 undefined on input line 232.


LaTeX Warning: Citation `Wassermann07' on page 5 undefined on input line 232.


LaTeX Warning: Citation `Chang-coma' on page 5 undefined on input line 234.

[5 <./design.pdf>]
\openout5 = `main.pyg'.

pygmentize -l c -f latex -F tokenmerge            -P linenos -P "verboptions= ,
xleftmargin=1.3em,fontsize=\small " -o main.out.pyg main.pyg
system()...disabled.



! LaTeX Error: File `main.out.pyg' not found.

Type X to quit or <RETURN> to proceed,
or enter new name. (Default extension: out.pyg)

Enter file name: 
rm main.out.pyg
system()...disabled.

rm main.pyg
system()...disabled.


LaTeX Warning: Citation `gjj06' on page 6 undefined on input line 369.


LaTeX Warning: Citation `gkj+07' on page 6 undefined on input line 369.


LaTeX Warning: Citation `Tan08' on page 6 undefined on input line 369.

\openout5 = `main.pyg'.

pygmentize -l c -f latex -F tokenmerge            -P linenos -P "verboptions= ,
xleftmargin=1.3em,fontsize=\small " -o main.out.pyg main.pyg
system()...disabled.


! LaTeX Error: File `main.out.pyg' not found.

Type X to quit or <RETURN> to proceed,
or enter new name. (Default extension: out.pyg)

Enter file name: 
rm main.out.pyg
system()...disabled.

rm main.pyg
system()...disabled.


Overfull \hbox (1.42296pt too wide) in paragraph at lines 496--514
[]\OT1/ptm/m/n/9 Consider the code snip-pet in List-ing 2[] from X server which
 shows
 []

[6] <cdg2.pdf, id=297, 602.25pt x 751.80875pt>
File: cdg2.pdf Graphic file (type pdf)
 <use cdg2.pdf>
LaTeX Font Info:    Font shape `OT1/ptm/bx/sc' in size <9> not available
(Font)              Font shape `OT1/ptm/b/sc' tried instead on input line 520.


LaTeX Warning: Citation `Staffordthesis' on page 7 undefined on input line 527.



Underfull \hbox (badness 3049) in paragraph at lines 591--599
[]\OT1/ptm/m/n/9 Figure 3[] shows the CDG con-structed for the pro-ce-dure
 []


LaTeX Warning: Citation `gkj+07' on page 7 undefined on input line 639.


LaTeX Warning: Citation `gjj06' on page 7 undefined on input line 639.


LaTeX Warning: Citation `Tan08' on page 7 undefined on input line 639.

LaTeX Font Info:    Font shape `OT1/ptm/bx/n' in size <8> not available
(Font)              Font shape `OT1/ptm/b/n' tried instead on input line 695.
[7 <./cdg2.pdf>]
Underfull \hbox (badness 2837) in paragraph at lines 727--732
\OT1/pcr/m/n/9 write(pProp->data) \OT1/ptm/m/n/9 and \OT1/pcr/m/n/9 write(pProp
->size) \OT1/ptm/m/n/9 that
 []

) (./impl.tex

LaTeX Warning: Citation `necula-cil' on page 8 undefined on input line 11.


Overfull \hbox (10.26077pt too wide) in paragraph at lines 32--36
\OT1/ptm/m/n/9 dence graph gen-er-a-tor and the code to iden-tify security-sens
itive
 []

[8]
Overfull \hbox (5.99414pt too wide) in paragraph at lines 52--67
\OT1/ptm/m/n/9 language-level spec-i-fi-ca-tion of stan-dard con-tainer ab-stra
c-tions. Since
 []

) (./eval2.tex
Overfull \hbox (5.36482pt too wide) in paragraph at lines 4--11
\OT1/ptm/m/n/9 (1) two pro-grams with manually-placed au-tho-riza-tion hooks, n
amely,
 []


Overfull \hbox (10.95346pt too wide) in paragraph at lines 39--42
\OT1/ptm/m/n/9 choice con-trol state-ments (\OT1/ptm/m/it/9 User-choice\OT1/ptm
/m/n/9 ), the num-ber of security-
 []

! Extra alignment tab has been changed to \cr.
<recently read> \endtemplate 
                             
l.83  }
       
? 
! Extra alignment tab has been changed to \cr.
<recently read> \endtemplate 
                             
l.83  }
       
? 
! Extra alignment tab has been changed to \cr.
<recently read> \endtemplate 
                             
l.83  }
       
? 
! Extra alignment tab has been changed to \cr.
<recently read> \endtemplate 
                             
l.83  }
       
? 
! Extra alignment tab has been changed to \cr.
<recently read> \endtemplate 
                             
l.83  }
       
? 

Underfull \hbox (badness 10000) in paragraph at lines 83--85
[][]
 []


Underfull \hbox (badness 10000) in paragraph at lines 83--85

 []


Overfull \hbox (2.4399pt too wide) in paragraph at lines 227--250
\OT1/ptm/m/n/9 again but is me-di-ated by a man-ual hook. We will in-ves-ti-gat
e whether
 []

[9]

LaTeX Warning: Citation `sepostgres' on page 10 undefined on input line 310.

<hist2.pdf, id=380, 900.36375pt x 610.28pt>
File: hist2.pdf Graphic file (type pdf)
 <use hist2.pdf>
Overfull \hbox (7.00279pt too wide) in paragraph at lines 392--406
\OT1/ptm/m/n/9 hooks, 43 hooks stem from two func-tions [] and []
 []

[10 <./hist2.pdf>]) (./relwork.tex

LaTeX Warning: Citation `gjj05' on page 11 undefined on input line 27.


LaTeX Warning: Citation `gjj06' on page 11 undefined on input line 35.


LaTeX Warning: Citation `gkj+07' on page 11 undefined on input line 42.


LaTeX Warning: Citation `concept-anal' on page 11 undefined on input line 43.


LaTeX Warning: Citation `zej02' on page 11 undefined on input line 57.


LaTeX Warning: Citation `ejz02' on page 11 undefined on input line 60.


LaTeX Warning: Citation `Tan08' on page 11 undefined on input line 61.


LaTeX Warning: Citation `shmat-api' on page 11 undefined on input line 66.


LaTeX Warning: Citation `Shmat11' on page 11 undefined on input line 77.


LaTeX Warning: Citation `Sun11' on page 11 undefined on input line 77.


LaTeX Warning: Citation `Shmat11' on page 11 undefined on input line 80.


LaTeX Warning: Citation `Sun11' on page 11 undefined on input line 90.

) (./conc.tex
Overfull \hbox (3.27713pt too wide) in paragraph at lines 4--9
[]\OT1/ptm/m/n/9 Many ef-forts over the past decade have at-tempted to retrofit
 legacy
 []

)
No file main.bbl.
[11] (./main.aux) ) 
Here is how much of TeX's memory you used:
 5304 strings out of 94500
 69731 string characters out of 1176766
 140210 words of memory out of 1000000
 8282 multiletter control sequences out of 10000+50000
 40032 words of font info for 86 fonts, out of 500000 for 2000
 581 hyphenation exceptions out of 1000
 39i,11n,42p,469b,470s stack positions out of 1500i,500n,5000p,200000b,5000s
PDF statistics:
 397 PDF objects out of 300000
 0 named destinations out of 131072
 21 words of extra memory for PDF output out of 65536
</usr/share/texmf/fonts/type1/bluesky/cm/cmr6.pfb></usr/shar
e/texmf/fonts/type1/public/tt2001/fmex8.pfb></usr/share/texmf/fonts/type1/blues
ky/cm/cmsy8.pfb></usr/share/texmf/fonts/type1/bluesky/cm/cmr8.pfb></usr/share/t
exmf/fonts/type1/bluesky/cm/cmmi8.pfb></usr/share/texmf/fonts/type1/bluesky/cm/
cmsy6.pfb></usr/share/texmf/fonts/type1/bluesky/cm/cmmi6.pfb></usr/share/texmf/
fonts/type1/bluesky/cm/cmbx6.pfb></usr/share/texmf/fonts/type1/bluesky/cm/cmbx9
.pfb>{/usr/share/texmf/fonts/enc/dvips/psnfss/8r.enc}</usr/share/texmf/fonts/ty
pe1/urw/courier/ucrr8a.pfb></usr/share/texmf/fonts/type1/bluesky/cm/cmr9.pfb></
usr/share/texmf/fonts/type1/bluesky/cm/cmmi9.pfb></usr/share/texmf/fonts/type1/
bluesky/cm/cmsy9.pfb></usr/share/texmf/fonts/type1/urw/times/utmri8a.pfb></usr/
share/texmf/fonts/type1/urw/times/utmb8a.pfb></usr/share/texmf/fonts/type1/urw/
helvetic/uhvr8a.pfb></usr/share/texmf/fonts/type1/urw/helvetic/uhvb8a.pfb></usr
/share/texmf/fonts/type1/urw/times/utmr8a.pfb>
Output written on main.pdf (11 pages, 514068 bytes).
