This is pdfTeXk, Version 3.141592-1.40.3 (Web2C 7.5.6) (format=pdflatex 2013.9.16)  22 SEP 2014 10:20
entering extended mode
 %&-line parsing enabled.
**paper.tex
(./paper.tex
LaTeX2e <2005/12/01>
Babel <v3.8h> and hyphenation patterns for english, usenglishmax, dumylang, noh
yphenation, arabic, basque, bulgarian, coptic, welsh, czech, slovak, german, ng
erman, danish, esperanto, spanish, catalan, galician, estonian, farsi, finnish,
 french, greek, monogreek, ancientgreek, croatian, hungarian, interlingua, ibyc
us, indonesian, icelandic, italian, latin, mongolian, dutch, norsk, polish, por
tuguese, pinyin, romanian, russian, slovenian, uppersorbian, serbian, swedish, 
turkish, ukenglish, ukrainian, loaded.
(./sigplanconf.cls
Document Class: sigplanconf 2013/07/02 v2.8 ACM SIGPLAN Proceedings
\@numheaddepth=\count79
(/usr/share/texmf/tex/latex/base/article.cls
Document Class: article 2005/09/16 v1.4f Standard LaTeX document class
(/usr/share/texmf/tex/latex/base/size10.clo
File: size10.clo 2005/09/16 v1.4f Standard LaTeX file (size option)
)
\c@part=\count80
\c@section=\count81
\c@subsection=\count82
\c@subsubsection=\count83
\c@paragraph=\count84
\c@subparagraph=\count85
\c@figure=\count86
\c@table=\count87
\abovecaptionskip=\skip41
\belowcaptionskip=\skip42
\bibindent=\dimen102
)
\standardtextwidth=\dimen103
\standardvspace=\skip43

Using natbib package with 'numbers' citation style.
(/usr/share/texmf/tex/latex/natbib/natbib.sty
Package: natbib 2007/02/05 8.0 (PWD)
\bibhang=\skip44
\bibsep=\skip45
LaTeX Info: Redefining \cite on input line 602.
\c@NAT@ctr=\count88
)
\@sectionaboveskip=\skip46
\@sectionbelowskip=\skip47
\@subsectionaboveskip=\skip48
\@subsectionbelowskip=\skip49
\@paragraphaboveskip=\skip50
\@authorcount=\count89
\@titlenotecount=\count90
\@titlenotetext=\toks14
\@fnmark=\toks15
\@authori=\count91
\@measbox=\box26
)
(/usr/share/texmf/tex/latex/amsmath/amsmath.sty
Package: amsmath 2000/07/18 v2.13 AMS math features
\@mathmargin=\skip51

For additional information on amsmath, use the `?' option.
(/usr/share/texmf/tex/latex/amsmath/amstext.sty
Package: amstext 2000/06/29 v2.01

(/usr/share/texmf/tex/latex/amsmath/amsgen.sty
File: amsgen.sty 1999/11/30 v2.0
\@emptytoks=\toks16
\ex@=\dimen104
))
(/usr/share/texmf/tex/latex/amsmath/amsbsy.sty
Package: amsbsy 1999/11/29 v1.2d
\pmbraise@=\dimen105
)
(/usr/share/texmf/tex/latex/amsmath/amsopn.sty
Package: amsopn 1999/12/14 v2.01 operator names
)
\inf@bad=\count92
LaTeX Info: Redefining \frac on input line 211.
\uproot@=\count93
\leftroot@=\count94
LaTeX Info: Redefining \overline on input line 307.
\classnum@=\count95
\DOTSCASE@=\count96
LaTeX Info: Redefining \ldots on input line 379.
LaTeX Info: Redefining \dots on input line 382.
LaTeX Info: Redefining \cdots on input line 467.
\Mathstrutbox@=\box27
\strutbox@=\box28
\big@size=\dimen106
LaTeX Font Info:    Redeclaring font encoding OML on input line 567.
LaTeX Font Info:    Redeclaring font encoding OMS on input line 568.
\macc@depth=\count97
\c@MaxMatrixCols=\count98
\dotsspace@=\muskip10
\c@parentequation=\count99
\dspbrk@lvl=\count100
\tag@help=\toks17
\row@=\count101
\column@=\count102
\maxfields@=\count103
\andhelp@=\toks18
\eqnshift@=\dimen107
\alignsep@=\dimen108
\tagshift@=\dimen109
\tagwidth@=\dimen110
\totwidth@=\dimen111
\lineht@=\dimen112
\@envbody=\toks19
\multlinegap=\skip52
\multlinetaggap=\skip53
\mathdisplay@stack=\toks20
LaTeX Info: Redefining \[ on input line 2666.
LaTeX Info: Redefining \] on input line 2667.
)
(/usr/share/texmf/tex/latex/base/latexsym.sty
Package: latexsym 1998/08/17 v2.2e Standard LaTeX package (lasy symbols)
\symlasy=\mathgroup4
LaTeX Font Info:    Overwriting symbol font `lasy' in version `bold'
(Font)                  U/lasy/m/n --> U/lasy/b/n on input line 47.
)
(/usr/share/texmf/tex/latex/amsfonts/amssymb.sty
Package: amssymb 2002/01/22 v2.2d

(/usr/share/texmf/tex/latex/amsfonts/amsfonts.sty
Package: amsfonts 2001/10/25 v2.2f
\symAMSa=\mathgroup5
\symAMSb=\mathgroup6
LaTeX Font Info:    Overwriting math alphabet `\mathfrak' in version `bold'
(Font)                  U/euf/m/n --> U/euf/b/n on input line 132.
))
(/usr/share/texmf/tex/latex/graphics/graphicx.sty
Package: graphicx 1999/02/16 v1.0f Enhanced LaTeX Graphics (DPC,SPQR)

(/usr/share/texmf/tex/latex/graphics/keyval.sty
Package: keyval 1999/03/16 v1.13 key=value parser (DPC)
\KV@toks@=\toks21
)
(/usr/share/texmf/tex/latex/graphics/graphics.sty
Package: graphics 2006/02/20 v1.0o Standard LaTeX Graphics (DPC,SPQR)

(/usr/share/texmf/tex/latex/graphics/trig.sty
Package: trig 1999/03/16 v1.09 sin cos tan (DPC)
)
(/usr/share/texmf/tex/latex/config/graphics.cfg
File: graphics.cfg 2007/01/18 v1.5 graphics configuration of teTeX/TeXLive
)
Package graphics Info: Driver file: pdftex.def on input line 90.

(/usr/share/texmf/tex/latex/pdftex-def/pdftex.def
File: pdftex.def 2007/01/08 v0.04d Graphics/color for pdfTeX
\Gread@gobject=\count104
))
\Gin@req@height=\dimen113
\Gin@req@width=\dimen114
) (./gdefs.sty
\c@my_counter=\count105
\c@tmy_counter=\count106
\c@MyTheorem=\count107
)
(/usr/share/texmf/tex/latex/setspace/setspace.sty
Package: setspace 2000/12/01 6.7 Contributed and Supported LaTeX2e package

Package: `setspace' 6.7 <2000/12/01>
) (/usr/share/texmf/tex/latex/tools/hhline.sty
Package: hhline 1994/05/23 v2.03 Table rule package (DPC)
) (./refs.sty)
(/usr/share/texmf/tex/latex/rotating/rotating.sty
Package: rotating 1997/09/26, v2.13 Rotation package

(/usr/share/texmf/tex/latex/base/ifthen.sty
Package: ifthen 2001/05/26 v1.1c Standard LaTeX ifthen package (DPC)
)
\c@r@tfl@t=\count108
\rot@float@box=\box29
)
(/usr/share/texmf/tex/latex/ltxmisc/relsize.sty
Package: relsize 2003/07/04 ver 3.1
)
(/usr/share/texmf/tex/latex/stmaryrd/stmaryrd.sty
Package: stmaryrd 1994/03/03 St Mary's Road symbol package
\symstmry=\mathgroup7
LaTeX Font Info:    Overwriting symbol font `stmry' in version `bold'
(Font)                  U/stmry/m/n --> U/stmry/b/n on input line 89.
)
(/usr/share/texmf/tex/generic/xypic/xypic.sty
(/usr/share/texmf/tex/generic/xypic/xy.sty
(/usr/share/texmf/tex/generic/xypic/xy.tex Bootstrap'ing: catcodes, docmode,
(/usr/share/texmf/tex/generic/xypic/xyrecat.tex)
(/usr/share/texmf/tex/generic/xypic/xyidioms.tex)

 Xy-pic version 3.7 <1999/02/16>
 Copyright (c) 1991-1998 by Kristoffer H. Rose <krisrose@ens-lyon.fr>
 Xy-pic is free software: see the User's Guide for details.

Loading kernel: messages; fonts; allocations: state,
\X@c=\dimen115
\Y@c=\dimen116
\U@c=\dimen117
\D@c=\dimen118
\L@c=\dimen119
\R@c=\dimen120
\Edge@c=\toks22
\X@p=\dimen121
\Y@p=\dimen122
\U@p=\dimen123
\D@p=\dimen124
\L@p=\dimen125
\R@p=\dimen126
\Edge@p=\toks23
\X@origin=\dimen127
\Y@origin=\dimen128
\X@xbase=\dimen129
\Y@xbase=\dimen130
\X@ybase=\dimen131
\Y@ybase=\dimen132
\X@min=\dimen133
\Y@min=\dimen134
\X@max=\dimen135
\Y@max=\dimen136
\lastobjectbox@=\box30
\zerodotbox@=\box31
\almostz@=\dimen137
 direction,
\d@X=\dimen138
\d@Y=\dimen139
\K@=\count109
\KK@=\count110
\Direction=\count111
\K@dXdY=\dimen140
\K@dYdX=\dimen141
\xyread@=\read1
\xywrite@=\write3
\csp@=\count112
\quotPTK@=\dimen142

utility macros; pictures: \xy, positions,
\swaptoks@@=\toks24
\connectobjectbox@@=\box32
 objects,
\styletoks@=\toks25
 decorations;
kernel objects: directionals, circles, text; options; algorithms: directions,
edges, connections;  Xy-pic loaded)

LaTeX Warning: You have requested package `xypic',
               but the package provides `xy'.

Package: xy 1999/02/16 Xy-pic version 3.7
) (/usr/share/texmf/tex/generic/xypic/xyv2.tex
 Xy-pic option: Version 2 Compatibility v.3.4

Xy-pic Warning: `\merge' redefined.


Xy-pic Warning: `\stop' redefined.


Xy-pic Warning: `\rotate' redefined.

(/usr/share/texmf/tex/generic/xypic/xyframe.tex
 Xy-pic option: Frame and Bracket extension v.3.7 loaded)
(/usr/share/texmf/tex/generic/xypic/xymatrix.tex
 Xy-pic option: Matrix feature v.3.4
\Row=\count113
\Col=\count114
\queue@=\toks26
\queue@@=\toks27
\qcount@=\count115
\qcount@@=\count116
\matrixsize@=\count117
 loaded)
(/usr/share/texmf/tex/generic/xypic/xyarrow.tex
 Xy-pic option: Arrow and Path feature v.3.5 path, \ar, loaded)

Xy-pic Warning: `\dto' redefined [paper:232].

loaded)) (/usr/share/texmf/tex/latex/fancyvrb/fancyvrb.sty
Package: fancyvrb 1998/07/17

Style option: `fancyvrb' v2.6, with DG/SPQR fixes <1998/07/17> (tvz)
\FV@CodeLineNo=\count118
\FV@InFile=\read2
\FV@TabBox=\box33
\c@FancyVerbLine=\count119
\FV@StepNumber=\count120
\FV@OutFile=\write4

No file fancyvrb.cfg.
) (./algorithm2e.sty
Package: algorithm2e 2008/00/00 v3.10 algorithms environments
\c@AlgoLine=\count121
 (/usr/share/texmf/tex/latex/tools/xspace.sty
Package: xspace 2006/05/08 v1.12 Space after command names (DPC,MH)
)
********************************************************
Package `algorithm2e' Release 4.01 -- december 14 2009 --
- algorithm2e-announce@lirmm.fr mailing list for announcement about releases
- algorithm2e-discussion@lirmm.fr mailing list for discussion about package
subscribe by emailing sympa@lirmm.fr with 'subscribe <list> <firstname name>'
- Author: Christophe Fiorio (fiorio@lirmm.fr)
********************************************************
\skiptotal=\skip54
\skiplinenumber=\skip55
\skiprule=\skip56
\skiphlne=\skip57
\skiptext=\skip58
\skiplength=\skip59
\algomargin=\skip60
\skipalgocfslide=\skip61
\algowidth=\dimen143
\inoutsize=\dimen144
\inoutline=\dimen145
\interspacetitleruled=\dimen146
\interspacealgoruled=\dimen147
\interspacetitleboxruled=\dimen148
\algocf@inoutbox=\box34
\algocf@inputbox=\box35
\AlCapSkip=\skip62
\AlCapHSkip=\skip63
\algocf@nlbox=\box36
\algocf@hangingbox=\box37
\algocf@capbox=\box38
\algoheightruledefault=\skip64
\algoheightrule=\skip65
\algotitleheightruledefault=\skip66
\algotitleheightrule=\skip67
\c@algocfline=\count122
\c@algocfproc=\count123
\c@algocf=\count124
\algocf@algoframe=\box39
\algocf@algobox=\box40
) (/usr/share/texmf/tex/latex/tools/multicol.sty
Package: multicol 2006/05/18 v1.6g multicolumn formatting (FMi)
\c@tracingmulticols=\count125
\mult@box=\box41
\multicol@leftmargin=\dimen149
\c@unbalance=\count126
\c@collectmore=\count127
\doublecol@number=\count128
\multicoltolerance=\count129
\multicolpretolerance=\count130
\full@width=\dimen150
\page@free=\dimen151
\premulticols=\dimen152
\postmulticols=\dimen153
\multicolsep=\skip68
\multicolbaselineskip=\skip69
\partial@page=\box42
\last@line=\box43
\mult@rightbox=\box44
\mult@grightbox=\box45
\mult@gfirstbox=\box46
\mult@firstbox=\box47
\@tempa=\box48
\@tempa=\box49
\@tempa=\box50
\@tempa=\box51
\@tempa=\box52
\@tempa=\box53
\@tempa=\box54
\@tempa=\box55
\@tempa=\box56
\@tempa=\box57
\@tempa=\box58
\@tempa=\box59
\@tempa=\box60
\@tempa=\box61
\@tempa=\box62
\@tempa=\box63
\@tempa=\box64
\c@columnbadness=\count131
\c@finalcolumnbadness=\count132
\last@try=\dimen154
\multicolovershoot=\dimen155
\multicolundershoot=\dimen156
\mult@nat@firstbox=\box65
\colbreak@box=\box66
)
(/usr/share/texmf/tex/latex/titlesec/titlesec.sty
Package: titlesec 2005/01/22 v2.6 Sectioning titles
\ttl@box=\box67
\beforetitleunit=\skip70
\aftertitleunit=\skip71
\ttl@plus=\dimen157
\ttl@minus=\dimen158
\titlewidth=\dimen159
\titlewidthlast=\dimen160
\titlewidthfirst=\dimen161
)
(/usr/share/texmf/tex/latex/graphics/color.sty
Package: color 2005/11/14 v1.0j Standard LaTeX Color (DPC)

(/usr/share/texmf/tex/latex/config/color.cfg
File: color.cfg 2007/01/18 v1.5 color configuration of teTeX/TeXLive
)
Package color Info: Driver file: pdftex.def on input line 130.
)
(/usr/share/texmf/tex/latex/caption/caption.sty
Package: caption 2007/01/07 v3.0k Customising captions (AR)

(/usr/share/texmf/tex/latex/caption/caption3.sty
Package: caption3 2007/01/07 v3.0k caption3 kernel (AR)
\captionmargin=\dimen162
\captionmarginx=\dimen163
\captionwidth=\dimen164
\captionindent=\dimen165
\captionparindent=\dimen166
\captionhangindent=\dimen167
)
Package caption Info: rotating package v2.0 (or newer) detected on input line 3
82.
)
! Undefined control sequence.
<recently read> \DeclareCaptionType 
                                    
l.43 \DeclareCaptionType
                        {copyrightbox}
? 

! LaTeX Error: Missing \begin{document}.

See the LaTeX manual or LaTeX Companion for explanation.
Type  H <return>  for immediate help.
 ...                                              
                                                  
\GenericError  ...                                
                                                  \endgroup 
<to be read again> 
                   c
l.43 \DeclareCaptionType{c
                          opyrightbox}
? 
(/usr/share/texmf/tex/latex/sttools/flushend.sty
Package: flushend 1997/10/01
\@aaa=\box68
\@ccc=\box69
\@viper=\box70
\hold@viper=\box71
\atColsBreak=\toks28
\@extra@skip=\dimen168
\@nd@page@rule=\dimen169
)

! LaTeX Error: File `etoolbox.sty' not found.

Type X to quit or <RETURN> to proceed,
or enter new name. (Default extension: sty)

Enter file name: 
(/usr/share/texmf/tex/latex/ltxmisc/url.sty
\Urlmuskip=\muskip11
Package: url 2005/06/27  ver 3.2  Verb mode for urls, etc.
)
(/usr/share/texmf/tex/latex/changebar/changebar.sty
Package: changebar 2005/09/18 v3.5c Indicate changes with marginal bars
\cb@nextpoint=\count133
\cb@topleft=\count134
\cb@topright=\count135
\cb@botleft=\count136
\cb@botright=\count137
\cb@cnta=\count138
\cb@cntb=\count139
\cb@dima=\dimen170
\cb@curbarwd=\dimen171
\cb@page=\count140
\cb@pagecount=\count141
\cb@odd@left=\dimen172
\cb@odd@right=\dimen173
\cb@even@left=\dimen174
\cb@even@right=\dimen175
\cb@writexy=\write5
\cb@readxy=\read3
\openout5 = `paper.cb2'.

\changebarwidth=\skip72
\deletebarwidth=\skip73
\changebarsep=\skip74
\c@changebargrey=\count142
\cb@write=\write6
\cb@read=\read4
\openout6 = `paper.cb'.

)
(/usr/share/texmf/tex/generic/xypic/xycurve.tex
 Xy-pic option: Curve and Spline extension v.3.7 curve,
\crv@cnt@=\count143
\crvpts@=\toks29
\splinebox@=\box72
\splineval@=\dimen176
\splinedepth@=\dimen177
\splinetol@=\dimen178
\splinelength@=\dimen179
 circles,
\L@=\dimen180
 loaded)
\c@theorem=\count144

(./tweaklist.sty)
\c@LineNumber=\count145
 (./paper.aux)
\openout1 = `paper.aux'.

LaTeX Font Info:    Checking defaults for OML/cmm/m/it on input line 276.
LaTeX Font Info:    ... okay on input line 276.
LaTeX Font Info:    Checking defaults for T1/cmr/m/n on input line 276.
LaTeX Font Info:    ... okay on input line 276.
LaTeX Font Info:    Checking defaults for OT1/cmr/m/n on input line 276.
LaTeX Font Info:    ... okay on input line 276.
LaTeX Font Info:    Checking defaults for OMS/cmsy/m/n on input line 276.
LaTeX Font Info:    ... okay on input line 276.
LaTeX Font Info:    Checking defaults for OMX/cmex/m/n on input line 276.
LaTeX Font Info:    ... okay on input line 276.
LaTeX Font Info:    Checking defaults for U/cmr/m/n on input line 276.
LaTeX Font Info:    ... okay on input line 276.
LaTeX Font Info:    Try loading font information for OT1+ptm on input line 276.

 (/usr/share/texmf/tex/latex/psnfss/ot1ptm.fd
File: ot1ptm.fd 2001/06/04 font definitions for OT1/ptm.
)
(/usr/share/texmf/tex/latex/ragged2e/ragged2e.sty
Package: ragged2e 2003/03/25 v2.04 ragged2e Package (MS)

(/usr/share/texmf/tex/latex/everysel/everysel.sty
Package: everysel 1999/06/08 v1.03 EverySelectfont Package (MS)
LaTeX Info: Redefining \selectfont on input line 125.
)
\CenteringLeftskip=\skip75
\RaggedLeftLeftskip=\skip76
\RaggedRightLeftskip=\skip77
\CenteringRightskip=\skip78
\RaggedLeftRightskip=\skip79
\RaggedRightRightskip=\skip80
\CenteringParfillskip=\skip81
\RaggedLeftParfillskip=\skip82
\RaggedRightParfillskip=\skip83
\JustifyingParfillskip=\skip84
\CenteringParindent=\skip85
\RaggedLeftParindent=\skip86
\RaggedRightParindent=\skip87
\JustifyingParindent=\skip88
) [1

{/usr/share/texmf/fonts/map/pdftex/updmap/pdftex.map}

]
LaTeX Font Info:    Font shape `OT1/ptm/bx/n' in size <18> not available
(Font)              Font shape `OT1/ptm/b/n' tried instead on input line 318.
LaTeX Font Info:    Try loading font information for OT1+phv on input line 318.

 (/usr/share/texmf/tex/latex/psnfss/ot1phv.fd
File: ot1phv.fd 2001/06/04 scalable font definitions for OT1/phv.
)
LaTeX Font Info:    Font shape `OT1/phv/bx/n' in size <18> not available
(Font)              Font shape `OT1/phv/b/n' tried instead on input line 318.
LaTeX Font Info:    Calculating math sizes for size <18> on input line 318.


LaTeX Font Warning: Font shape `OT1/cmr/m/n' in size <18> not available
(Font)              size <17.28> substituted on input line 318.


LaTeX Font Warning: Font shape `OT1/cmr/m/n' in size <12.59995> not available
(Font)              size <12> substituted on input line 318.


LaTeX Font Warning: Font shape `OML/cmm/m/it' in size <18> not available
(Font)              size <17.28> substituted on input line 318.


LaTeX Font Warning: Font shape `OML/cmm/m/it' in size <12.59995> not available
(Font)              size <12> substituted on input line 318.


LaTeX Font Warning: Font shape `OMS/cmsy/m/n' in size <18> not available
(Font)              size <17.28> substituted on input line 318.


LaTeX Font Warning: Font shape `OMS/cmsy/m/n' in size <12.59995> not available
(Font)              size <12> substituted on input line 318.


LaTeX Font Warning: Font shape `OMX/cmex/m/n' in size <18> not available
(Font)              size <17.28> substituted on input line 318.


LaTeX Font Warning: Font shape `OMX/cmex/m/n' in size <12.59995> not available
(Font)              size <12> substituted on input line 318.

LaTeX Font Info:    Try loading font information for U+lasy on input line 318.
(/usr/share/texmf/tex/latex/base/ulasy.fd
File: ulasy.fd 1998/08/17 v2.2e LaTeX symbol font definitions
)

LaTeX Font Warning: Font shape `U/lasy/m/n' in size <18> not available
(Font)              size <17.28> substituted on input line 318.


LaTeX Font Warning: Font shape `U/lasy/m/n' in size <12.59995> not available
(Font)              size <12> substituted on input line 318.

LaTeX Font Info:    Try loading font information for U+msa on input line 318.
(/usr/share/texmf/tex/latex/amsfonts/umsa.fd
File: umsa.fd 2002/01/19 v2.2g AMS font definitions
)

LaTeX Font Warning: Font shape `U/msa/m/n' in size <18> not available
(Font)              size <17.28> substituted on input line 318.


LaTeX Font Warning: Font shape `U/msa/m/n' in size <12.59995> not available
(Font)              size <12> substituted on input line 318.

LaTeX Font Info:    Try loading font information for U+msb on input line 318.
(/usr/share/texmf/tex/latex/amsfonts/umsb.fd
File: umsb.fd 2002/01/19 v2.2g AMS font definitions
)

LaTeX Font Warning: Font shape `U/msb/m/n' in size <18> not available
(Font)              size <17.28> substituted on input line 318.


LaTeX Font Warning: Font shape `U/msb/m/n' in size <12.59995> not available
(Font)              size <12> substituted on input line 318.

LaTeX Font Info:    Try loading font information for U+stmry on input line 318.

(/usr/share/texmf/tex/latex/stmaryrd/Ustmry.fd)

LaTeX Font Warning: Font shape `U/stmry/m/n' in size <18> not available
(Font)              size <17.28> substituted on input line 318.


LaTeX Font Warning: Font shape `U/stmry/m/n' in size <12.59995> not available
(Font)              size <12> substituted on input line 318.

LaTeX Font Info:    Calculating math sizes for size <11> on input line 318.

LaTeX Font Warning: Font shape `OT1/cmr/m/n' in size <5.5> not available
(Font)              size <5> substituted on input line 318.


LaTeX Font Warning: Font shape `OML/cmm/m/it' in size <5.5> not available
(Font)              size <5> substituted on input line 318.


LaTeX Font Warning: Font shape `OMS/cmsy/m/n' in size <5.5> not available
(Font)              size <5> substituted on input line 318.


LaTeX Font Warning: Font shape `U/lasy/m/n' in size <5.5> not available
(Font)              size <5> substituted on input line 318.


LaTeX Font Warning: Font shape `U/msa/m/n' in size <5.5> not available
(Font)              size <5> substituted on input line 318.


LaTeX Font Warning: Font shape `U/msb/m/n' in size <5.5> not available
(Font)              size <5> substituted on input line 318.


LaTeX Font Warning: Font shape `U/stmry/m/n' in size <5.5> not available
(Font)              size <5> substituted on input line 318.

LaTeX Font Info:    Try loading font information for OMS+phv on input line 318.

(/usr/share/texmf/tex/latex/psnfss/omsphv.fd
File: omsphv.fd 
)
LaTeX Font Info:    Font shape `OMS/phv/m/n' in size <9> not available
(Font)              Font shape `OMS/cmsy/m/n' tried instead on input line 318.
LaTeX Font Info:    Try loading font information for OMS+ptm on input line 318.


(/usr/share/texmf/tex/latex/psnfss/omsptm.fd
File: omsptm.fd 
)
LaTeX Font Info:    Font shape `OMS/ptm/m/n' in size <7> not available
(Font)              Font shape `OMS/cmsy/m/n' tried instead on input line 318.
 (./abstract.tex
LaTeX Font Info:    Font shape `OT1/ptm/bx/n' in size <9> not available
(Font)              Font shape `OT1/ptm/b/n' tried instead on input line 1.
LaTeX Font Info:    Font shape `OT1/ptm/bx/n' in size <11> not available
(Font)              Font shape `OT1/ptm/b/n' tried instead on input line 1.
LaTeX Font Info:    Font shape `OMS/ptm/m/n' in size <8> not available
(Font)              Font shape `OMS/cmsy/m/n' tried instead on input line 28.
) (./intro.tex

Package natbib Warning: Citation `Allan05' on page 2 undefined on input line 6.



Package natbib Warning: Citation `Meredith12' on page 2 undefined on input line
 6.


Package natbib Warning: Citation `Lan92' on page 2 undefined on input line 24.


Package natbib Warning: Citation `Che04' on page 2 undefined on input line 24.


Package natbib Warning: Citation `Sch00' on page 2 undefined on input line 26.


Package natbib Warning: Citation `Erl04' on page 2 undefined on input line 26.


Package natbib Warning: Citation `Erl00' on page 2 undefined on input line 26.

[2

]

Package natbib Warning: Citation `transcript' on page 3 undefined on input line
 71.


Package natbib Warning: Citation `tmi' on page 3 undefined on input line 71.


Package natbib Warning: Citation `access' on page 3 undefined on input line 71.



Package natbib Warning: Citation `txbox' on page 3 undefined on input line 71.


Package natbib Warning: Citation `toy' on page 3 undefined on input line 79.


Package natbib Warning: Citation `stem' on page 3 undefined on input line 79.


Package natbib Warning: Citation `access' on page 3 undefined on input line 82.



Package natbib Warning: Citation `taejs' on page 3 undefined on input line 82.


Package natbib Warning: Citation `txbox' on page 3 undefined on input line 82.


Package natbib Warning: Citation `access' on page 3 undefined on input line 85.



Package natbib Warning: Citation `Yu07' on page 3 undefined on input line 99.


Package natbib Warning: Citation `Allan05' on page 3 undefined on input line 12
7.


Package natbib Warning: Citation `Meredith12' on page 3 undefined on input line
 127.


Package natbib Warning: Citation `Falcone13' on page 3 undefined on input line 
127.


Package natbib Warning: Citation `Bodden12' on page 3 undefined on input line 1
27.


Package natbib Warning: Citation `Hussein12' on page 3 undefined on input line 
127.


Package natbib Warning: Citation `conscript' on page 3 undefined on input line 
130.


Package natbib Warning: Citation `Washizaki09' on page 3 undefined on input lin
e 130.


Package natbib Warning: Citation `Toledo10' on page 3 undefined on input line 1
30.


Package natbib Warning: Citation `jam' on page 3 undefined on input line 130.


Package natbib Warning: Citation `transcript' on page 3 undefined on input line
 133.


Package natbib Warning: Citation `tmi' on page 3 undefined on input line 133.


Package natbib Warning: Citation `access' on page 3 undefined on input line 133
.


Package natbib Warning: Citation `txbox' on page 3 undefined on input line 133.



Package natbib Warning: Citation `Yu07' on page 3 undefined on input line 136.


Package natbib Warning: Citation `conscript' on page 3 undefined on input line 
136.

LaTeX Font Info:    Font shape `OMS/ptm/m/n' in size <9> not available
(Font)              Font shape `OMS/cmsy/m/n' tried instead on input line 169.

Underfull \hbox (badness 2285) in paragraph at lines 169--179
[] []\OT1/ptm/b/n/9 Or-ga-ni-za-tion:[] \OMS/cmsy/m/n/9 x\OT1/ptm/m/n/9 2[] pre
sents a spec-i-fi-ca-tion of the program-
 []


Underfull \vbox (badness 10000) has occurred while \output is active []


Underfull \vbox (badness 10000) has occurred while \output is active []

)
(./technical.tex

Package natbib Warning: Citation `transcript' on page 3 undefined on input line
 28.


Package natbib Warning: Citation `access' on page 3 undefined on input line 28.


(./figures/walkthroughpolicy.tex

pdfTeX warning: pdflatex (file ./figures/walkthrough-policy.pdf): PDF inclusion
: found PDF version <1.5>, but at most version <1.4> allowed
<figures/walkthrough-policy.pdf, id=23, 361.35pt x 86.724pt>
File: figures/walkthrough-policy.pdf Graphic file (type pdf)

<use figures/walkthrough-policy.pdf>
Overfull \hbox (8.77472pt too wide) in paragraph at lines 5--29
 [][] 
 []

LaTeX Font Info:    Font shape `OT1/ptm/bx/n' in size <8> not available
(Font)              Font shape `OT1/ptm/b/n' tried instead on input line 29.
LaTeX Font Info:    Font shape `OT1/ptm/bx/n' in size <6> not available
(Font)              Font shape `OT1/ptm/b/n' tried instead on input line 29.
LaTeX Font Info:    Font shape `OT1/ptm/bx/n' in size <5> not available
(Font)              Font shape `OT1/ptm/b/n' tried instead on input line 29.
) (./figures/walkthroughprogram.tex
LaTeX Font Info:    Try loading font information for OMS+cmtt on input line 5.
LaTeX Font Info:    No file OMScmtt.fd. on input line 5.


LaTeX Font Warning: Font shape `OMS/cmtt/m/n' undefined
(Font)              using `OMS/cmsy/m/n' instead
(Font)              for symbol `textbraceleft' on input line 5.


LaTeX Warning: Reference `Fi:walkthroughinstrumentation' on page 3 undefined on
 input line 67.

) (./figures/walkthroughinstrumentation.tex

LaTeX Warning: Reference `Fi:walkthroughprogram' on page 3 undefined on input l
ine 216.


LaTeX Warning: Reference `Fi:walkthroughprogram' on page 3 undefined on input l
ine 216.

)

LaTeX Warning: Reference `Fi:walkthroughprogram' on page 3 undefined on input l
ine 56.


LaTeX Warning: Reference `Fi:walkthroughprogram' on page 3 undefined on input l
ine 62.

[3 <./figures/walkthrough-policy.pdf

pdfTeX warning: pdflatex (file ./figures/walkthrough-policy.pdf): PDF inclusion
: Page Group detected which pdfTeX can't handle. Ignoring it.
>]
Underfull \vbox (badness 10000) has occurred while \output is active []


Underfull \vbox (badness 10000) has occurred while \output is active []



LaTeX Warning: Reference `Fi:walkthroughinstrumentation' on page 4 undefined on
 input line 73.


LaTeX Warning: Reference `Se:suspension' on page 4 undefined on input line 86.


Underfull \vbox (badness 10000) has occurred while \output is active []


Underfull \vbox (badness 10000) has occurred while \output is active []

 [4]

LaTeX Warning: Reference `Fi:walkthroughprogram' on page 5 undefined on input l
ine 107.


LaTeX Warning: Reference `Fi:walkthroughinstrumentation' on page 5 undefined on
 input line 113.

(./figures/transforce.tex
LaTeX Font Info:    Font shape `OT1/ptm/bx/n' in size <7> not available
(Font)              Font shape `OT1/ptm/b/n' tried instead on input line 9.


Package relsize Warning: Size requested is too small.
(relsize)                Using 5.0pt instead on input line 9.


Package relsize Warning: Size requested is too small.
(relsize)                Using 5.0pt instead on input line 34.


Package relsize Warning: Size requested is too small.
(relsize)                Using 5.0pt instead on input line 34.


Package relsize Warning: Size requested is too small.
(relsize)                Using 5.0pt instead on input line 34.


Package relsize Warning: Size requested is too small.
(relsize)                Using 5.0pt instead on input line 34.


Package relsize Warning: Size requested is too small.
(relsize)                Using 5.0pt instead on input line 34.


Package relsize Warning: Size requested is too small.
(relsize)                Using 5.0pt instead on input line 34.


Package relsize Warning: Size requested is too small.
(relsize)                Using 5.0pt instead on input line 34.


Package relsize Warning: Size requested is too small.
(relsize)                Using 5.0pt instead on input line 34.


Package relsize Warning: Size requested is too small.
(relsize)                Using 5.0pt instead on input line 34.


Package relsize Warning: Size requested is too small.
(relsize)                Using 5.0pt instead on input line 34.


Package relsize Warning: Size requested is too small.
(relsize)                Using 5.0pt instead on input line 34.


Package relsize Warning: Size requested is too small.
(relsize)                Using 5.0pt instead on input line 34.


Package relsize Warning: Size requested is too small.
(relsize)                Using 5.0pt instead on input line 34.


Package relsize Warning: Size requested is too small.
(relsize)                Using 5.0pt instead on input line 34.


Package relsize Warning: Size requested is too small.
(relsize)                Using 5.0pt instead on input line 35.

) (./figures/algintrospect.tex

Package relsize Warning: Size requested is too small.
(relsize)                Using 5.0pt instead on input line 7.


Package relsize Warning: Size requested is too small.
(relsize)                Using 5.0pt instead on input line 38.


Package relsize Warning: Size requested is too small.
(relsize)                Using 5.0pt instead on input line 38.


Package relsize Warning: Size requested is too small.
(relsize)                Using 5.0pt instead on input line 38.


Package relsize Warning: Size requested is too small.
(relsize)                Using 5.0pt instead on input line 38.


Package relsize Warning: Size requested is too small.
(relsize)                Using 5.0pt instead on input line 38.


Package relsize Warning: Size requested is too small.
(relsize)                Using 5.0pt instead on input line 38.


Package relsize Warning: Size requested is too small.
(relsize)                Using 5.0pt instead on input line 38.


Package relsize Warning: Size requested is too small.
(relsize)                Using 5.0pt instead on input line 38.


Package relsize Warning: Size requested is too small.
(relsize)                Using 5.0pt instead on input line 38.


Package relsize Warning: Size requested is too small.
(relsize)                Using 5.0pt instead on input line 38.


Package relsize Warning: Size requested is too small.
(relsize)                Using 5.0pt instead on input line 38.


Package relsize Warning: Size requested is too small.
(relsize)                Using 5.0pt instead on input line 38.


Package relsize Warning: Size requested is too small.
(relsize)                Using 5.0pt instead on input line 38.

)

LaTeX Warning: Reference `Fi:walkthroughprogram' on page 5 undefined on input l
ine 133.


LaTeX Warning: Reference `Fi:walkthroughprogram' on page 5 undefined on input l
ine 134.


Package natbib Warning: Citation `jam' on page 5 undefined on input line 136.

[5] (./figures/indorce.tex

Package relsize Warning: Size requested is too small.
(relsize)                Using 5.0pt instead on input line 9.


Package relsize Warning: Size requested is too small.
(relsize)                Using 5.0pt instead on input line 17.


Package relsize Warning: Size requested is too small.
(relsize)                Using 5.0pt instead on input line 17.


Package relsize Warning: Size requested is too small.
(relsize)                Using 5.0pt instead on input line 30.


Package relsize Warning: Size requested is too small.
(relsize)                Using 5.0pt instead on input line 30.


Package relsize Warning: Size requested is too small.
(relsize)                Using 5.0pt instead on input line 30.


Package relsize Warning: Size requested is too small.
(relsize)                Using 5.0pt instead on input line 30.


Package relsize Warning: Size requested is too small.
(relsize)                Using 5.0pt instead on input line 30.


Package relsize Warning: Size requested is too small.
(relsize)                Using 5.0pt instead on input line 30.


Package relsize Warning: Size requested is too small.
(relsize)                Using 5.0pt instead on input line 30.


Package relsize Warning: Size requested is too small.
(relsize)                Using 5.0pt instead on input line 30.


Package relsize Warning: Size requested is too small.
(relsize)                Using 5.0pt instead on input line 31.


LaTeX Warning: Reference `Alg:algindirect' on page 6 undefined on input line 42
.


LaTeX Warning: Reference `Alg:algindirect' on page 6 undefined on input line 42
.

)

Package natbib Warning: Citation `jam' on page 6 undefined on input line 204.


LaTeX Warning: Reference `Alg:algindirect' on page 6 undefined on input line 20
8.

(./figures/algindirect.tex

Package relsize Warning: Size requested is too small.
(relsize)                Using 5.0pt instead on input line 7.


Package relsize Warning: Size requested is too small.
(relsize)                Using 5.0pt instead on input line 15.


Package relsize Warning: Size requested is too small.
(relsize)                Using 5.0pt instead on input line 15.


Package relsize Warning: Size requested is too small.
(relsize)                Using 5.0pt instead on input line 15.


Package relsize Warning: Size requested is too small.
(relsize)                Using 5.0pt instead on input line 17.


Package relsize Warning: Size requested is too small.
(relsize)                Using 5.0pt instead on input line 18.


Package relsize Warning: Size requested is too small.
(relsize)                Using 5.0pt instead on input line 21.


Package relsize Warning: Size requested is too small.
(relsize)                Using 5.0pt instead on input line 21.


Package relsize Warning: Size requested is too small.
(relsize)                Using 5.0pt instead on input line 21.


Package relsize Warning: Size requested is too small.
(relsize)                Using 5.0pt instead on input line 23.


Package relsize Warning: Size requested is too small.
(relsize)                Using 5.0pt instead on input line 24.

)

Package natbib Warning: Citation `jam' on page 6 undefined on input line 241.


Package natbib Warning: Citation `transcript' on page 6 undefined on input line
 261.

[6]

Package natbib Warning: Citation `Yu07' on page 7 undefined on input line 289.


LaTeX Warning: Reference `Alg:algindirect' on page 7 undefined on input line 32
3.

) (./implementation.tex

LaTeX Warning: Reference `Se:suspension' on page 7 undefined on input line 125.


(./figures/calltransform.tex
Underfull \hbox (badness 7012) in paragraph at lines 63--63
[]$\OT1/ptm/b/n/8 , and $[]$.
 []

)

Package natbib Warning: Citation `Yu07' on page 7 undefined on input line 147.


LaTeX Warning: Reference `Fi:calltransform' on page 7 undefined on input line 1
62.


Underfull \vbox (badness 10000) has occurred while \output is active []


Underfull \vbox (badness 10000) has occurred while \output is active []

 [7]

LaTeX Warning: Reference `Fi:calltransform' on page 8 undefined on input line 1
75.

(./figures/policy.tex

LaTeX Warning: Reference `Fi:calltransform' on page 8 undefined on input line 3
6.


LaTeX Warning: Reference `Fi:calltransform' on page 8 undefined on input line 3
6.


Underfull \hbox (badness 3568) in paragraph at lines 36--36
\OT1/ptm/b/n/8 ing writes to the $[]$ prop-erty of $[]$ ob-jects.
 []

)

LaTeX Warning: Reference `Fi:calltransform' on page 8 undefined on input line 1
90.


Package natbib Warning: Citation `Bie13' on page 8 undefined on input line 215.



Package natbib Warning: Citation `Ric10' on page 8 undefined on input line 217.


(./figures/transform.tex
Underfull \hbox (badness 10000) in paragraph at lines 8--9

 []


LaTeX Warning: Reference `Fi:calltransform' on page 8 undefined on input line 2
2.


LaTeX Warning: Reference `Fi:calltransform' on page 8 undefined on input line 2
2.

)

LaTeX Warning: Reference `Alg:algindirect' on page 8 undefined on input line 23
9.


LaTeX Warning: Reference `Fi:walkthroughinstrumentation' on page 8 undefined on
 input line 240.


Underfull \vbox (badness 3219) has occurred while \output is active []


Underfull \vbox (badness 3219) has occurred while \output is active []

 [8]

LaTeX Warning: Reference `Fi:calltransform' on page 9 undefined on input line 2
59.


Underfull \hbox (badness 1635) in paragraph at lines 249--275
[]$\OT1/ptm/m/n/9 , $[]$, and $[]$
 []

) (./experiments.tex (./figures/applications.tex)

Package natbib Warning: Citation `transcript' on page 9 undefined on input line
 75.


Package natbib Warning: Citation `access' on page 9 undefined on input line 75.



Package natbib Warning: Citation `jam' on page 9 undefined on input line 83.

(./figures/overheadratiobyoriginal.tex
<figures/overheadratiobyoriginal-log.pdf, id=69, 578.16pt x 433.62pt>
File: figures/overheadratiobyoriginal-log.pdf Graphic file (type pdf)

<use figures/overheadratiobyoriginal-log.pdf>
Overfull \hbox (4.71553pt too wide) in paragraph at lines 5--12
 [][] 
 []

) [9] (./figures/wovenbyoriginal.tex
<figures/wovenbyoriginal-log.pdf, id=74, 578.16pt x 433.62pt>
File: figures/wovenbyoriginal-log.pdf Graphic file (type pdf)

<use figures/wovenbyoriginal-log.pdf>
Overfull \hbox (4.71553pt too wide) in paragraph at lines 5--15
 [][] 
 []

) (./figures/complexity.tex

LaTeX Warning: Reference `Fi:walkthroughinstrumentation' on page 10 undefined o
n input line 54.


LaTeX Warning: Reference `Fi:walkthroughinstrumentation' on page 10 undefined o
n input line 54.


LaTeX Warning: Reference `Fi:walkthroughinstrumentation' on page 10 undefined o
n input line 54.


LaTeX Warning: Reference `Fi:walkthroughinstrumentation' on page 10 undefined o
n input line 54.

)

LaTeX Warning: Reference `Fi:walkthroughinstrumentation' on page 10 undefined o
n input line 161.


LaTeX Warning: Reference `Fi:walkthroughinstrumentation' on page 10 undefined o
n input line 165.

[10 <./figures/overheadratiobyoriginal-log.pdf

pdfTeX warning: pdflatex (file ./figures/overheadratiobyoriginal-log.pdf): PDF 
inclusion: Page Group detected which pdfTeX can't handle. Ignoring it.
> <./figures/wovenbyoriginal-log.pdf

pdfTeX warning: pdflatex (file ./figures/wovenbyoriginal-log.pdf): PDF inclusio
n: Page Group detected which pdfTeX can't handle. Ignoring it.
>]) (./related.tex

Package natbib Warning: Citation `Allan05' on page 11 undefined on input line 5
.


Package natbib Warning: Citation `Meredith12' on page 11 undefined on input lin
e 5.


Package natbib Warning: Citation `Bodden12' on page 11 undefined on input line 
5.


Package natbib Warning: Citation `Bauer12' on page 11 undefined on input line 1
9.


Package natbib Warning: Citation `Falcone13' on page 11 undefined on input line
 19.


Package natbib Warning: Citation `Hussein12' on page 11 undefined on input line
 19.


Underfull \hbox (badness 1472) in paragraph at lines 30--38
[] []\OT1/ptm/b/n/9 Run-time En-force-ment for Java-Script.[] \OT1/ptm/m/n/9 A 
num-ber of prior
 []


Package natbib Warning: Citation `jam' on page 11 undefined on input line 39.


Package natbib Warning: Citation `Yu07' on page 11 undefined on input line 48.


Package natbib Warning: Citation `Mil08' on page 11 undefined on input line 64.



Package natbib Warning: Citation `adsafe' on page 11 undefined on input line 64
.


Package natbib Warning: Citation `conscript' on page 11 undefined on input line
 65.


Package natbib Warning: Citation `Maf09a' on page 11 undefined on input line 65
.


Package natbib Warning: Citation `Sch00' on page 11 undefined on input line 90.



Package natbib Warning: Citation `Erl00' on page 11 undefined on input line 90.



Package natbib Warning: Citation `Erl04' on page 11 undefined on input line 90.



Package natbib Warning: Citation `transcript' on page 11 undefined on input lin
e 99.


Package natbib Warning: Citation `transcript' on page 11 undefined on input lin
e 102.


Package natbib Warning: Citation `access' on page 11 undefined on input line 11
3.


Package natbib Warning: Citation `access' on page 11 undefined on input line 12
8.


Package natbib Warning: Citation `tmi' on page 11 undefined on input line 137.


Package natbib Warning: Citation `txbox' on page 11 undefined on input line 141
.

)
No file paper.bbl.

Package natbib Warning: There were undefined citations.


Underfull \vbox (badness 10000) has occurred while \output is active []


Underfull \vbox (badness 10000) has occurred while \output is active []


Underfull \vbox (badness 10000) has occurred while \output is active []

Extra height:8.0pt when 649.48796pt
Extra height:0.0pt when 650.48796pt
(2)Left:650.48796pt Right:650.30554pt Output:650.48796pt
- LAST -
Extra skip:0.0pt
Left:650.48796pt
Right:650.30554pt
Output:650.48796pt
 [11]
Underfull \vbox (badness 10000) has occurred while \output is active []


Overfull \vbox (4.02579pt too high) has occurred while \output is active []

Extra height:8.0pt when 13.97421pt

Underfull \vbox (badness 10000) has occurred while \output is active []


Overfull \vbox (3.02579pt too high) has occurred while \output is active []

Extra height:8.0pt when 14.97421pt

Underfull \vbox (badness 10000) has occurred while \output is active []


Overfull \vbox (2.02579pt too high) has occurred while \output is active []

Extra height:8.0pt when 15.97421pt

Underfull \vbox (badness 10000) has occurred while \output is active []


Overfull \vbox (1.02579pt too high) has occurred while \output is active []

Extra height:8.0pt when 16.97421pt

Underfull \vbox (badness 10000) has occurred while \output is active []

Extra height:8.0pt when 17.97421pt

Underfull \vbox (badness 10000) has occurred while \output is active []

Extra height:0.0pt when 18.97421pt

Underfull \vbox (badness 10000) has occurred while \output is active []

(2)Left:18.97421pt Right:8.0pt Output:18.97421pt
- LAST -
Extra skip:0.0pt
Left:18.97421pt
Right:8.0pt
Output:18.97421pt

Underfull \vbox (badness 10000) has occurred while \output is active []


Underfull \vbox (badness 10000) has occurred while \output is active []

 [12

]
(./paper.aux)

LaTeX Font Warning: Size substitutions with differences
(Font)              up to 0.72pt have occurred.


LaTeX Font Warning: Some font shapes were not available, defaults substituted.


LaTeX Warning: There were undefined references.


LaTeX Warning: Label(s) may have changed. Rerun to get cross-references right.

 ) 
Here is how much of TeX's memory you used:
 7821 strings out of 256216
 96409 string characters out of 1917072
 242712 words of memory out of 1500000
 10861 multiletter control sequences out of 10000+200000
 52594 words of font info for 130 fonts, out of 1200000 for 2000
 646 hyphenation exceptions out of 8191
 37i,25n,38p,1469b,643s stack positions out of 5000i,500n,6000p,200000b,15000s
{/usr/share/texmf/fonts/enc/dvips/base/8r.enc}</usr/share/texmf/fonts/type1/b
luesky/cm/cmmi5.pfb></usr/share/texmf/fonts/type1/bluesky/cm/cmmi6.pfb></usr/sh
are/texmf/fonts/type1/bluesky/cm/cmmi7.pfb></usr/share/texmf/fonts/type1/bluesk
y/cm/cmmi8.pfb></usr/share/texmf/fonts/type1/bluesky/cm/cmmi9.pfb></usr/share/t
exmf/fonts/type1/bluesky/cm/cmr10.pfb></usr/share/texmf/fonts/type1/bluesky/cm/
cmr5.pfb></usr/share/texmf/fonts/type1/bluesky/cm/cmr6.pfb></usr/share/texmf/fo
nts/type1/bluesky/cm/cmr7.pfb></usr/share/texmf/fonts/type1/bluesky/cm/cmr8.pfb
></usr/share/texmf/fonts/type1/bluesky/cm/cmr9.pfb></usr/share/texmf/fonts/type
1/bluesky/cm/cmss8.pfb></usr/share/texmf/fonts/type1/bluesky/cm/cmsy10.pfb></us
r/share/texmf/fonts/type1/bluesky/cm/cmsy5.pfb></usr/share/texmf/fonts/type1/bl
uesky/cm/cmsy6.pfb></usr/share/texmf/fonts/type1/bluesky/cm/cmsy7.pfb></usr/sha
re/texmf/fonts/type1/bluesky/cm/cmsy8.pfb></usr/share/texmf/fonts/type1/bluesky
/cm/cmsy9.pfb></usr/share/texmf/fonts/type1/bluesky/cm/cmtt8.pfb></usr/share/te
xmf/fonts/type1/bluesky/cm/cmtt9.pfb></usr/share/texmf/fonts/type1/hoekwater/st
maryrd/stmary9.pfb></usr/share/texmf/fonts/type1/urw/helvetic/uhvb8a.pfb></usr/
share/texmf/fonts/type1/urw/helvetic/uhvr8a.pfb></usr/share/texmf/fonts/type1/u
rw/times/utmb8a.pfb></usr/share/texmf/fonts/type1/urw/times/utmr8a.pfb></usr/sh
are/texmf/fonts/type1/urw/times/utmr8a.pfb></usr/share/texmf/fonts/type1/urw/ti
mes/utmri8a.pfb>
Output written on paper.pdf (12 pages, 1051876 bytes).
PDF statistics:
 193 PDF objects out of 1000 (max. 8388607)
 0 named destinations out of 1000 (max. 131072)
 34 words of extra memory for PDF output out of 10000 (max. 10000000)

