This is pdfeTeX, Version 3.141592-1.21a-2.2 (Web2C 7.5.4) (format=latex 2006.4.10)  10 APR 2006 14:23
entering extended mode
**paper
(./paper.tex
LaTeX2e <2003/12/01>
Babel <v3.8d> and hyphenation patterns for american, french, german, ngerman, b
ahasa, basque, bulgarian, catalan, croatian, czech, danish, dutch, esperanto, e
stonian, finnish, greek, icelandic, irish, italian, latin, magyar, norsk, polis
h, portuges, romanian, russian, serbian, slovak, slovene, spanish, swedish, tur
kish, ukrainian, nohyphenation, loaded.
(./0.preambleIEEE.tex
(/afs/cs.wisc.edu/s/tetex-3.0/i386_tao10/share/texmf/tex/latex/base/article.cls
Document Class: article 2004/02/16 v1.4f Standard LaTeX document class
(/afs/cs.wisc.edu/s/tetex-3.0/i386_tao10/share/texmf/tex/latex/base/size11.clo
File: size11.clo 2004/02/16 v1.4f Standard LaTeX file (size option)
)
\c@part=\count79
\c@section=\count80
\c@subsection=\count81
\c@subsubsection=\count82
\c@paragraph=\count83
\c@subparagraph=\count84
\c@figure=\count85
\c@table=\count86
\abovecaptionskip=\skip41
\belowcaptionskip=\skip42
\bibindent=\dimen102
)
(/afs/cs.wisc.edu/s/tetex-3.0/i386_tao10/share/texmf/tex/latex/amsmath/amsmath.
sty
Package: amsmath 2000/07/18 v2.13 AMS math features
\@mathmargin=\skip43

For additional information on amsmath, use the `?' option.

(/afs/cs.wisc.edu/s/tetex-3.0/i386_tao10/share/texmf/tex/latex/amsmath/amstext.
sty
Package: amstext 2000/06/29 v2.01

(/afs/cs.wisc.edu/s/tetex-3.0/i386_tao10/share/texmf/tex/latex/amsmath/amsgen.s
ty
File: amsgen.sty 1999/11/30 v2.0
\@emptytoks=\toks14
\ex@=\dimen103
))
(/afs/cs.wisc.edu/s/tetex-3.0/i386_tao10/share/texmf/tex/latex/amsmath/amsbsy.s
ty
Package: amsbsy 1999/11/29 v1.2d
\pmbraise@=\dimen104
)
(/afs/cs.wisc.edu/s/tetex-3.0/i386_tao10/share/texmf/tex/latex/amsmath/amsopn.s
ty
Package: amsopn 1999/12/14 v2.01 operator names
)
\inf@bad=\count87
LaTeX Info: Redefining \frac on input line 211.
\uproot@=\count88
\leftroot@=\count89
LaTeX Info: Redefining \overline on input line 307.
\classnum@=\count90
\DOTSCASE@=\count91
LaTeX Info: Redefining \ldots on input line 379.
LaTeX Info: Redefining \dots on input line 382.
LaTeX Info: Redefining \cdots on input line 467.
\Mathstrutbox@=\box26
\strutbox@=\box27
\big@size=\dimen105
LaTeX Font Info:    Redeclaring font encoding OML on input line 567.
LaTeX Font Info:    Redeclaring font encoding OMS on input line 568.
\macc@depth=\count92
\c@MaxMatrixCols=\count93
\dotsspace@=\muskip10
\c@parentequation=\count94
\dspbrk@lvl=\count95
\tag@help=\toks15
\row@=\count96
\column@=\count97
\maxfields@=\count98
\andhelp@=\toks16
\eqnshift@=\dimen106
\alignsep@=\dimen107
\tagshift@=\dimen108
\tagwidth@=\dimen109
\totwidth@=\dimen110
\lineht@=\dimen111
\@envbody=\toks17
\multlinegap=\skip44
\multlinetaggap=\skip45
\mathdisplay@stack=\toks18
LaTeX Info: Redefining \[ on input line 2666.
LaTeX Info: Redefining \] on input line 2667.
)
(/afs/cs.wisc.edu/s/tetex-3.0/i386_tao10/share/texmf/tex/latex/amscls/amsthm.st
y
Package: amsthm 2004/08/06 v2.20
\thm@style=\toks19
\thm@bodyfont=\toks20
\thm@headfont=\toks21
\thm@notefont=\toks22
\thm@headpunct=\toks23
\thm@preskip=\skip46
\thm@postskip=\skip47
\thm@headsep=\skip48
\dth@everypar=\toks24
)
(/afs/cs.wisc.edu/s/tetex-3.0/i386_tao10/share/texmf/tex/latex/amsfonts/amsfont
s.sty
Package: amsfonts 2001/10/25 v2.2f
\symAMSa=\mathgroup4
\symAMSb=\mathgroup5
LaTeX Font Info:    Overwriting math alphabet `\mathfrak' in version `bold'
(Font)                  U/euf/m/n --> U/euf/b/n on input line 132.
)
(/afs/cs.wisc.edu/s/tetex-3.0/i386_tao10/share/texmf/tex/latex/amsfonts/amssymb
.sty
Package: amssymb 2002/01/22 v2.2d
)
(/afs/cs.wisc.edu/s/tetex-3.0/i386_tao10/share/texmf/tex/latex/url/url.sty
\Urlmuskip=\muskip11
Package: url 2004/03/15  ver 3.1  Verb mode for urls, etc.
)
\c@defs=\count99

(/afs/cs.wisc.edu/s/tetex-3.0/i386_tao10/share/texmf/tex/latex/graphics/epsfig.
sty
Package: epsfig 1999/02/16 v1.7a (e)psfig emulation (SPQR)

(/afs/cs.wisc.edu/s/tetex-3.0/i386_tao10/share/texmf/tex/latex/graphics/graphic
x.sty
Package: graphicx 1999/02/16 v1.0f Enhanced LaTeX Graphics (DPC,SPQR)

(/afs/cs.wisc.edu/s/tetex-3.0/i386_tao10/share/texmf/tex/latex/graphics/keyval.
sty
Package: keyval 1999/03/16 v1.13 key=value parser (DPC)
\KV@toks@=\toks25
)
(/afs/cs.wisc.edu/s/tetex-3.0/i386_tao10/share/texmf/tex/latex/graphics/graphic
s.sty
Package: graphics 2001/07/07 v1.0n Standard LaTeX Graphics (DPC,SPQR)

(/afs/cs.wisc.edu/s/tetex-3.0/i386_tao10/share/texmf/tex/latex/graphics/trig.st
y
Package: trig 1999/03/16 v1.09 sin cos tan (DPC)
)
(/afs/cs.wisc.edu/s/tetex-3.0/i386_tao10/share/texmf/tex/latex/graphics/graphic
s.cfg
File: graphics.cfg 2005/02/03 v1.3 graphics configuration of teTeX/TeXLive
)
Package graphics Info: Driver file: dvips.def on input line 80.

(/afs/cs.wisc.edu/s/tetex-3.0/i386_tao10/share/texmf/tex/latex/graphics/dvips.d
ef
File: dvips.def 1999/02/16 v3.0i Driver-dependant file (DPC,SPQR)
))
\Gin@req@height=\dimen112
\Gin@req@width=\dimen113
)
\epsfxsize=\dimen114
\epsfysize=\dimen115
)
(/afs/cs.wisc.edu/s/tetex-3.0/i386_tao10/share/texmf/tex/latex/tools/tabularx.s
ty
Package: tabularx 1999/01/07 v2.07 `tabularx' package (DPC)

(/afs/cs.wisc.edu/s/tetex-3.0/i386_tao10/share/texmf/tex/latex/tools/array.sty
Package: array 2003/12/17 v2.4a Tabular extension package (FMi)
\col@sep=\dimen116
\extrarowheight=\dimen117
\NC@list=\toks26
\extratabsurround=\skip49
\backup@length=\skip50
)
\TX@col@width=\dimen118
\TX@old@table=\dimen119
\TX@old@col=\dimen120
\TX@target=\dimen121
\TX@delta=\dimen122
\TX@cols=\count100
\TX@ftn=\toks27
)
(/afs/cs.wisc.edu/s/tetex-3.0/i386_tao10/share/texmf/tex/latex/rotating/rotatin
g.sty
Package: rotating 1997/09/26 v2.13 Rotation package

(/afs/cs.wisc.edu/s/tetex-3.0/i386_tao10/share/texmf/tex/latex/base/ifthen.sty
Package: ifthen 2001/05/26 v1.1c Standard LaTeX ifthen package (DPC)
)
\c@r@tfl@t=\count101
\rot@float@box=\box28
)
(/afs/cs.wisc.edu/s/tetex-3.0/i386_tao10/share/texmf/tex/latex/multirow/multiro
w.sty
\bigstrutjot=\dimen123
)
(/afs/cs.wisc.edu/s/tetex-3.0/i386_tao10/share/texmf/tex/latex/changebar/change
bar.sty
Package: changebar 2004/02/20 v3.4g Indicate changes with marginal bars
\cb@nextpoint=\count102
\cb@topleft=\count103
\cb@topright=\count104
\cb@botleft=\count105
\cb@botright=\count106
\cb@cnta=\count107
\cb@cntb=\count108
\cb@dima=\dimen124
\cb@curbarwd=\dimen125
\cb@page=\count109
\cb@pagecount=\count110
\cb@odd@left=\dimen126
\cb@odd@right=\dimen127
\cb@even@left=\dimen128
\cb@even@right=\dimen129
\changebarwidth=\skip51
\deletebarwidth=\skip52
\changebarsep=\skip53
\c@changebargrey=\count111
\cb@write=\write3
\cb@read=\read1
\openout3 = `paper.cb'.

)
(/afs/cs.wisc.edu/s/tetex-3.0/i386_tao10/share/texmf/tex/latex/psnfss/times.sty
Package: times 2004/09/15 PSNFSS-v9.2 (SPQR) 
)
(/afs/cs.wisc.edu/s/tetex-3.0/i386_tao10/share/texmf/tex/latex/preprint/fullpag
e.sty
Package: fullpage 1999/02/23 1.1 (PWD)
\FP@margin=\skip54
)
(/afs/cs.wisc.edu/s/tetex-3.0/i386_tao10/share/texmf/tex/latex/caption/caption.
sty
Package: caption 2004/07/16 v3.0c Customising captions (AS)
\captionmargin=\dimen130
\captionwidth=\dimen131
\captionindent=\dimen132
\captionparindent=\dimen133
\captionhangindent=\dimen134
Package caption Info: rotating package v2.0 (or newer) detected on input line 6
40.
)
(/afs/cs.wisc.edu/s/tetex-3.0/i386_tao10/share/texmf/tex/latex/titlesec/titlese
c.sty
Package: titlesec 2005/01/22 v2.6 Sectioning titles
\ttl@box=\box29
\beforetitleunit=\skip55
\aftertitleunit=\skip56
\ttl@plus=\dimen135
\ttl@minus=\dimen136
\titlewidth=\dimen137
\titlewidthlast=\dimen138
\titlewidthfirst=\dimen139
)
(/afs/cs.wisc.edu/s/tetex-3.0/i386_tao10/share/texmf/tex/latex/setspace/setspac
e.sty
Package: setspace 2000/12/01 6.7 Contributed and Supported LaTeX2e package

Package: `setspace' 6.7 <2000/12/01>
) (./tweaklist.sty)

LaTeX Warning: Unused global option(s):
    [times].

(./paper.aux)
\openout1 = `paper.aux'.

LaTeX Font Info:    Checking defaults for OML/cmm/m/it on input line 112.
LaTeX Font Info:    ... okay on input line 112.
LaTeX Font Info:    Checking defaults for T1/cmr/m/n on input line 112.
LaTeX Font Info:    ... okay on input line 112.
LaTeX Font Info:    Checking defaults for OT1/cmr/m/n on input line 112.
LaTeX Font Info:    ... okay on input line 112.
LaTeX Font Info:    Checking defaults for OMS/cmsy/m/n on input line 112.
LaTeX Font Info:    ... okay on input line 112.
LaTeX Font Info:    Checking defaults for OMX/cmex/m/n on input line 112.
LaTeX Font Info:    ... okay on input line 112.
LaTeX Font Info:    Checking defaults for U/cmr/m/n on input line 112.
LaTeX Font Info:    ... okay on input line 112.
LaTeX Font Info:    Try loading font information for OT1+ptm on input line 112.


(/afs/cs.wisc.edu/s/tetex-3.0/i386_tao10/share/texmf/tex/latex/psnfss/ot1ptm.fd
File: ot1ptm.fd 2001/06/04 font definitions for OT1/ptm.
)
(/afs/cs.wisc.edu/s/tetex-3.0/i386_tao10/share/texmf/tex/latex/ms/ragged2e.sty
Package: ragged2e 2003/03/25 v2.04 ragged2e Package (MS)

(/afs/cs.wisc.edu/s/tetex-3.0/i386_tao10/share/texmf/tex/latex/ms/everysel.sty
Package: everysel 1999/06/08 v1.03 EverySelectfont Package (MS)
LaTeX Info: Redefining \selectfont on input line 125.
)
\CenteringLeftskip=\skip57
\RaggedLeftLeftskip=\skip58
\RaggedRightLeftskip=\skip59
\CenteringRightskip=\skip60
\RaggedLeftRightskip=\skip61
\RaggedRightRightskip=\skip62
\CenteringParfillskip=\skip63
\RaggedLeftParfillskip=\skip64
\RaggedRightParfillskip=\skip65
\JustifyingParfillskip=\skip66
\CenteringParindent=\skip67
\RaggedLeftParindent=\skip68
\RaggedRightParindent=\skip69
\JustifyingParindent=\skip70
)
LaTeX Font Info:    Try loading font information for U+msa on input line 113.

(/afs/cs.wisc.edu/s/tetex-3.0/i386_tao10/share/texmf/tex/latex/amsfonts/umsa.fd
File: umsa.fd 2002/01/19 v2.2g AMS font definitions
)
LaTeX Font Info:    Try loading font information for U+msb on input line 113.

(/afs/cs.wisc.edu/s/tetex-3.0/i386_tao10/share/texmf/tex/latex/amsfonts/umsb.fd
File: umsb.fd 2002/01/19 v2.2g AMS font definitions
)

LaTeX Warning: No \author given.

) (./abstract.tex
LaTeX Font Info:    Font shape `OT1/ptm/bx/n' in size <10> not available
(Font)              Font shape `OT1/ptm/b/n' tried instead on input line 1.
) (./IntroVinod.tex
LaTeX Font Info:    Font shape `OT1/ptm/bx/n' in size <10.95> not available
(Font)              Font shape `OT1/ptm/b/n' tried instead on input line 1.
LaTeX Font Info:    Font shape `OT1/ptm/bx/n' in size <12> not available
(Font)              Font shape `OT1/ptm/b/n' tried instead on input line 1.
 [1

] [2]) (./rw.tex [3] [4])
(./threatVinod.tex
LaTeX Font Info:    Font shape `OT1/ptm/bx/it' in size <10.95> not available
(Font)              Font shape `OT1/ptm/b/it' tried instead on input line 34.
 [5]
Overfull \hbox (0.68993pt too wide) in paragraph at lines 91--94
[]\OT1/ptm/m/n/10.95 We il-lus-trate the ideas be-hind, and the ef-fec-tive-nes
s of, our rep-u-ta-tion sys-tem us-ing one of the \OT1/ptm/m/it/10.95 eBay\OT1/
ptm/m/n/10.95 sellers
 []

(./TableInterpetation.tex
Underfull \hbox (badness 1874) in paragraph at lines 47--47
[]|\OT1/ptm/m/it/9 aNb \OT1/ptm/m/n/9 ab-nor-mal (high
 []

) [6]) (./formalization.tex <auctionsHist.eps> <MarketShare.eps>
<auctionsHist.eps> <MarketShare.eps>
File: auctionsHist.eps Graphic file (type eps)
 <auctionsHist.eps>
File: MarketShare.eps Graphic file (type eps)
 <MarketShare.eps>
[7] (./AverageBid.tex <AveBidsHotSellers.eps> <splitPlane.eps>
<AveBidsHotSellers.eps> <splitPlane.eps>
File: AveBidsHotSellers.eps Graphic file (type eps)
 <AveBidsHotSellers.eps>
File: splitPlane.eps Graphic file (type eps)

<splitPlane.eps>) (./StartBid.tex [8]
File: AnomalyRSBTopSellers.eps Graphic file (type eps)
 <AnomalyRSBTopSellers.eps>)
(./bidderProfile.tex [9]
LaTeX Font Info:    Try loading font information for OT1+pcr on input line 17.

(/afs/cs.wisc.edu/s/tetex-3.0/i386_tao10/share/texmf/tex/latex/psnfss/ot1pcr.fd
File: ot1pcr.fd 2001/06/04 font definitions for OT1/pcr.
) <10260.eps> <10417.eps> <10260.eps> <10417.eps>
File: 10260.eps Graphic file (type eps)
 <10260.eps>
File: 10417.eps Graphic file (type eps)
 <10417.eps>)
[10]) (./CaseStudies.tex

LaTeX Warning: `h' float specifier changed to `ht'.

File: VenDiagram.eps Graphic file (type eps)
<VenDiagram.eps>
File: splitPlaneAbnormalOnly.eps Graphic file (type eps)
 <splitPlaneAbnormalOnly.eps>
File: AbnormalSelleraMb.eps Graphic file (type eps)
 <AbnormalSelleraMb.eps>
File: AbnormalProfile.eps Graphic file (type eps)

<AbnormalProfile.eps>
Overfull \hbox (5.20576pt too wide) in paragraph at lines 68--84
 [][] 
 []

LaTeX Font Info:    Font shape `OT1/ptm/bx/n' in size <8> not available
(Font)              Font shape `OT1/ptm/b/n' tried instead on input line 90.
LaTeX Font Info:    Font shape `OT1/ptm/bx/n' in size <6> not available
(Font)              Font shape `OT1/ptm/b/n' tried instead on input line 90.
[11] [12]) (./threatmodel.tex [13]
LaTeX Font Info:    Try loading font information for OMS+ptm on input line 21.

(/afs/cs.wisc.edu/s/tetex-3.0/i386_tao10/share/texmf/tex/latex/psnfss/omsptm.fd
File: omsptm.fd 
)
LaTeX Font Info:    Font shape `OMS/ptm/m/n' in size <10.95> not available
(Font)              Font shape `OMS/cmsy/m/n' tried instead on input line 21.
 [14]) (./conclusions.tex) (./paper.bbl [15] [16])
LaTeX Font Info:    Font shape `OT1/ptm/bx/it' in size <12> not available
(Font)              Font shape `OT1/ptm/b/it' tried instead on input line 22.
 (./bprFormalism.tex)
[17] (./paper.aux) ) 
Here is how much of TeX's memory you used:
 2905 strings out of 94501
 40414 string characters out of 1171084
 94775 words of memory out of 1000000
 5947 multiletter control sequences out of 10000+50000
 26392 words of font info for 80 fonts, out of 500000 for 2000
 580 hyphenation exceptions out of 1000
 34i,14n,35p,311b,428s stack positions out of 1500i,500n,5000p,200000b,5000s

Output written on paper.dvi (17 pages, 80228 bytes).
