This is pdfeTeX, Version 3.141592-1.21a-2.2 (Web2C 7.5.4) (format=pdflatex 2007.8.10)  22 FEB 2009 18:15
entering extended mode
**hotsec.tex
(./hotsec.tex
LaTeX2e <2003/12/01>
Babel <v3.8d> and hyphenation patterns for american, french, german, ngerman, b
ahasa, basque, bulgarian, catalan, croatian, czech, danish, dutch, esperanto, e
stonian, finnish, greek, icelandic, irish, italian, latin, magyar, norsk, polis
h, portuges, romanian, russian, serbian, slovak, slovene, spanish, swedish, tur
kish, ukrainian, nohyphenation, loaded.
(/usr/share/texmf/tex/latex/base/article.cls
Document Class: article 2004/02/16 v1.4f Standard LaTeX document class
(/usr/share/texmf/tex/latex/base/size11.clo
File: size11.clo 2004/02/16 v1.4f Standard LaTeX file (size option)
)
\c@part=\count79
\c@section=\count80
\c@subsection=\count81
\c@subsubsection=\count82
\c@paragraph=\count83
\c@subparagraph=\count84
\c@figure=\count85
\c@table=\count86
\abovecaptionskip=\skip41
\belowcaptionskip=\skip42
\bibindent=\dimen102
)
(/usr/share/texmf/tex/latex/preprint/fullpage.sty
Package: fullpage 1999/02/23 1.1 (PWD)
\FP@margin=\skip43
) (./styles/needspace.sty

LaTeX Warning: You have requested package `styles/needspace',
               but the package provides `needspace'.

Package: needspace 2003/02/18 v1.3a reserve vertical space
) (./styles/widow.sty

LaTeX Warning: You have requested package `styles/widow',
               but the package provides `widow'.

Package: widow 
) (/usr/share/texmf/tex/latex/titlesec/titlesec.sty
Package: titlesec 2005/01/22 v2.6 Sectioning titles
\ttl@box=\box26
\beforetitleunit=\skip44
\aftertitleunit=\skip45
\ttl@plus=\dimen103
\ttl@minus=\dimen104
\titlewidth=\dimen105
\titlewidthlast=\dimen106
\titlewidthfirst=\dimen107
)
(/usr/share/texmf/tex/latex/graphics/graphicx.sty
Package: graphicx 1999/02/16 v1.0f Enhanced LaTeX Graphics (DPC,SPQR)

(/usr/share/texmf/tex/latex/graphics/keyval.sty
Package: keyval 1999/03/16 v1.13 key=value parser (DPC)
\KV@toks@=\toks14
)
(/usr/share/texmf/tex/latex/graphics/graphics.sty
Package: graphics 2001/07/07 v1.0n Standard LaTeX Graphics (DPC,SPQR)

(/usr/share/texmf/tex/latex/graphics/trig.sty
Package: trig 1999/03/16 v1.09 sin cos tan (DPC)
)
(/usr/share/texmf/tex/latex/graphics/graphics.cfg
File: graphics.cfg 2005/02/03 v1.3 graphics configuration of teTeX/TeXLive
)
Package graphics Info: Driver file: pdftex.def on input line 80.

(/usr/share/texmf/tex/latex/graphics/pdftex.def
File: pdftex.def 2002/06/19 v0.03k graphics/color for pdftex
\Gread@gobject=\count87
))
\Gin@req@height=\dimen108
\Gin@req@width=\dimen109
)
(/usr/share/texmf/tex/latex/psnfss/times.sty
Package: times 2004/09/15 PSNFSS-v9.2 (SPQR) 
) (./hotsec.aux)
\openout1 = `hotsec.aux'.

LaTeX Font Info:    Checking defaults for OML/cmm/m/it on input line 44.
LaTeX Font Info:    ... okay on input line 44.
LaTeX Font Info:    Checking defaults for T1/cmr/m/n on input line 44.
LaTeX Font Info:    ... okay on input line 44.
LaTeX Font Info:    Checking defaults for OT1/cmr/m/n on input line 44.
LaTeX Font Info:    ... okay on input line 44.
LaTeX Font Info:    Checking defaults for OMS/cmsy/m/n on input line 44.
LaTeX Font Info:    ... okay on input line 44.
LaTeX Font Info:    Checking defaults for OMX/cmex/m/n on input line 44.
LaTeX Font Info:    ... okay on input line 44.
LaTeX Font Info:    Checking defaults for U/cmr/m/n on input line 44.
LaTeX Font Info:    ... okay on input line 44.
LaTeX Font Info:    Try loading font information for OT1+ptm on input line 44.

(/usr/share/texmf/tex/latex/psnfss/ot1ptm.fd
File: ot1ptm.fd 2001/06/04 font definitions for OT1/ptm.
)
(/usr/share/texmf/tex/context/base/supp-pdf.tex
(/usr/share/texmf/tex/context/base/supp-mis.tex
loading : Context Support Macros / Miscellaneous (2004.10.26)
\protectiondepth=\count88
\scratchcounter=\count89
\scratchtoks=\toks15
\scratchdimen=\dimen110
\scratchskip=\skip46
\scratchmuskip=\muskip10
\scratchbox=\box27
\scratchread=\read1
\scratchwrite=\write3
\zeropoint=\dimen111
\onepoint=\dimen112
\onebasepoint=\dimen113
\minusone=\count90
\thousandpoint=\dimen114
\onerealpoint=\dimen115
\emptytoks=\toks16
\nextbox=\box28
\nextdepth=\dimen116
\everyline=\toks17
\!!counta=\count91
\!!countb=\count92
\recursecounter=\count93
)
loading : Context Support Macros / PDF (2004.03.26)
\nofMPsegments=\count94
\nofMParguments=\count95
\MPscratchCnt=\count96
\MPscratchDim=\dimen117
\MPnumerator=\count97
\everyMPtoPDFconversion=\toks18
)
LaTeX Font Info:    Font shape `OT1/ptm/bx/n' in size <17.28> not available
(Font)              Font shape `OT1/ptm/b/n' tried instead on input line 45.
LaTeX Font Info:    External font `cmex10' loaded for size
(Font)              <12> on input line 45.
LaTeX Font Info:    External font `cmex10' loaded for size
(Font)              <8> on input line 45.
LaTeX Font Info:    External font `cmex10' loaded for size
(Font)              <6> on input line 45.
LaTeX Font Info:    Font shape `OT1/ptm/bx/n' in size <10.95> not available
(Font)              Font shape `OT1/ptm/b/n' tried instead on input line 47.
LaTeX Font Info:    Font shape `OT1/ptm/bx/n' in size <12> not available
(Font)              Font shape `OT1/ptm/b/n' tried instead on input line 47.


LaTeX Warning: Citation `TODO' on page 1 undefined on input line 84.


LaTeX Warning: Citation `TODO' on page 1 undefined on input line 88.

[1{/usr/share/texmf-var/fonts/map/pdftex/updmap/pdftex.map}


]

LaTeX Warning: Citation `alexa' on page 2 undefined on input line 138.


LaTeX Warning: Citation `TODO!!!!' on page 2 undefined on input line 138.

LaTeX Font Info:    External font `cmex10' loaded for size
(Font)              <10.95> on input line 142.
LaTeX Font Info:    Try loading font information for OT1+pcr on input line 142.

(/usr/share/texmf/tex/latex/psnfss/ot1pcr.fd
File: ot1pcr.fd 2001/06/04 font definitions for OT1/pcr.
)

LaTeX Warning: Citation `flickrfaq' on page 2 undefined on input line 144.


LaTeX Warning: Reference `case' on page 2 undefined on input line 159.

[2]

LaTeX Warning: Citation `TODO:danah boyd' on page 3 undefined on input line 185
.

[3]

LaTeX Warning: Citation `TODO:nyt article' on page 4 undefined on input line 21
1.


LaTeX Warning: Citation `yahoo research paper' on page 4 undefined on input lin
e 211.


LaTeX Warning: Citation `TODO: Flickr' on page 4 undefined on input line 211.


LaTeX Warning: Citation `TODO: A Taxonomy of DDoS Attack and DDoS Defense Mecha
nisms' on page 4 undefined on input line 224.


LaTeX Warning: Citation `Jelena Mirkovic' on page 4 undefined on input line 224
.


LaTeX Warning: Citation `Peter Reiher' on page 4 undefined on input line 224.


LaTeX Warning: Citation `2004 ACM' on page 4 undefined on input line 224.

[4]
! Missing \endcsname inserted.
<to be read again> 
                   \protect 
l.226 ...s.fit.edu/~pkc/id/related/jung-www02.pdf}
                                                  .  As a result, a webserve...

? x
 
Here is how much of TeX's memory you used:
 1302 strings out of 94500
 16001 string characters out of 1173669
 68026 words of memory out of 1000000
 4487 multiletter control sequences out of 10000+50000
 18046 words of font info for 41 fonts, out of 500000 for 2000
 580 hyphenation exceptions out of 1000
 25i,7n,29p,1092b,221s stack positions out of 1500i,500n,5000p,200000b,5000s
PDF statistics:
 28 PDF objects out of 300000
 0 named destinations out of 131072
 1 words of extra memory for PDF output out of 65536
{/usr/share/texmf/fonts/enc/dvips/psnfss/8r.enc}</usr/share/texmf/fonts/type1/u
rw/courier/ucrr8a.pfb></usr/share/texmf/fonts/type1/bluesky/cm/cmmi10.pfb></usr
/share/texmf/fonts/type1/urw/times/utmri8a.pfb></usr/share/texmf/fonts/type1/ur
w/times/utmr8a.pfb></usr/share/texmf/fonts/type1/urw/times/utmb8a.pfb>
Output written on hotsec.pdf (4 pages, 76278 bytes).
