This is TeX, Version 3.14159 (Web2C 7.4.5) (format=latex 2003.4.4)  1 AUG 2005 09:30
**sig-alternate.tex
(./sig-alternate.tex
LaTeX2e <2001/06/01>
Babel <v3.7h> and hyphenation patterns for american, french, german, ngerman, n
ohyphenation, loaded.
(./sig-alternate.cls
(/afs/cs.wisc.edu/s/tetex-2.0.2/i386_rh72/share/texmf/tex/latex/graphics/epsfig
.sty
Package: epsfig 1999/02/16 v1.7a (e)psfig emulation (SPQR)

(/afs/cs.wisc.edu/s/tetex-2.0.2/i386_rh72/share/texmf/tex/latex/graphics/graphi
cx.sty
Package: graphicx 1999/02/16 v1.0f Enhanced LaTeX Graphics (DPC,SPQR)

(/afs/cs.wisc.edu/s/tetex-2.0.2/i386_rh72/share/texmf/tex/latex/graphics/keyval
.sty
Package: keyval 1999/03/16 v1.13 key=value parser (DPC)
\KV@toks@=\toks14
)
(/afs/cs.wisc.edu/s/tetex-2.0.2/i386_rh72/share/texmf/tex/latex/graphics/graphi
cs.sty
Package: graphics 2001/07/07 v1.0n Standard LaTeX Graphics (DPC,SPQR)

(/afs/cs.wisc.edu/s/tetex-2.0.2/i386_rh72/share/texmf/tex/latex/graphics/trig.s
ty
Package: trig 1999/03/16 v1.09 sin cos tan (DPC)
)
(/afs/cs.wisc.edu/s/tetex-2.0.2/i386_rh72/share/texmf/tex/latex/config/graphics
.cfg
File: graphics.cfg 2001/08/31 v1.1 graphics configuration of teTeX/TeXLive
)
Package graphics Info: Driver file: dvips.def on input line 80.

(/afs/cs.wisc.edu/s/tetex-2.0.2/i386_rh72/share/texmf/tex/latex/graphics/dvips.
def
File: dvips.def 1999/02/16 v3.0i Driver-dependant file (DPC,SPQR)
))
\Gin@req@height=\dimen102
\Gin@req@width=\dimen103
)
\epsfxsize=\dimen104
\epsfysize=\dimen105
)
(/afs/cs.wisc.edu/s/tetex-2.0.2/i386_rh72/share/texmf/tex/latex/amsfonts/amssym
b.sty
Package: amssymb 2002/01/22 v2.2d

(/afs/cs.wisc.edu/s/tetex-2.0.2/i386_rh72/share/texmf/tex/latex/amsfonts/amsfon
ts.sty
Package: amsfonts 2001/10/25 v2.2f
\@emptytoks=\toks15
\symAMSa=\mathgroup4
\symAMSb=\mathgroup5
LaTeX Font Info:    Overwriting math alphabet `\mathfrak' in version `bold'
(Font)                  U/euf/m/n --> U/euf/b/n on input line 132.
))
(/afs/cs.wisc.edu/s/tetex-2.0.2/i386_rh72/share/texmf/tex/latex/amsmath/amsmath
.sty
Package: amsmath 2000/07/18 v2.13 AMS math features
\@mathmargin=\skip41

For additional information on amsmath, use the `?' option.

(/afs/cs.wisc.edu/s/tetex-2.0.2/i386_rh72/share/texmf/tex/latex/amsmath/amstext
.sty
Package: amstext 2000/06/29 v2.01

(/afs/cs.wisc.edu/s/tetex-2.0.2/i386_rh72/share/texmf/tex/latex/amsmath/amsgen.
sty
File: amsgen.sty 1999/11/30 v2.0
\@emptytoks=\toks16
\ex@=\dimen106
))
(/afs/cs.wisc.edu/s/tetex-2.0.2/i386_rh72/share/texmf/tex/latex/amsmath/amsbsy.
sty
Package: amsbsy 1999/11/29 v1.2d
\pmbraise@=\dimen107
)
(/afs/cs.wisc.edu/s/tetex-2.0.2/i386_rh72/share/texmf/tex/latex/amsmath/amsopn.
sty
Package: amsopn 1999/12/14 v2.01 operator names
)
\inf@bad=\count79
LaTeX Info: Redefining \frac on input line 211.
\uproot@=\count80
\leftroot@=\count81
LaTeX Info: Redefining \overline on input line 307.
\classnum@=\count82
\DOTSCASE@=\count83
LaTeX Info: Redefining \ldots on input line 379.
LaTeX Info: Redefining \dots on input line 382.
LaTeX Info: Redefining \cdots on input line 467.
\Mathstrutbox@=\box26
\strutbox@=\box27
\big@size=\dimen108
LaTeX Font Info:    Redeclaring font encoding OML on input line 567.
LaTeX Font Info:    Redeclaring font encoding OMS on input line 568.
\macc@depth=\count84
\c@MaxMatrixCols=\count85
\dotsspace@=\muskip10
\c@parentequation=\count86
\dspbrk@lvl=\count87
\tag@help=\toks17
\row@=\count88
\column@=\count89
\maxfields@=\count90
\andhelp@=\toks18
\eqnshift@=\dimen109
\alignsep@=\dimen110
\tagshift@=\dimen111
\tagwidth@=\dimen112
\totwidth@=\dimen113
\lineht@=\dimen114
\@envbody=\toks19
\multlinegap=\skip42
\multlinetaggap=\skip43
\mathdisplay@stack=\toks20
LaTeX Info: Redefining \[ on input line 2666.
LaTeX Info: Redefining \] on input line 2667.
)
Document Class 'sig-alternate' <26th. July '05>. Modified by G.K.M. Tobin/Gerry
 Murray
Based in part upon document Style `acmconf' <22 May 89>. Hacked 4/91 by
shivers@cs.cmu.edu, 4/93 by theobald@cs.mcgill.ca
Excerpts were taken from (Journal Style) 'esub2acm.cls'.
****** Bugs/comments/suggestions/technicalities to Gerry Murray -- murray@hq.ac
m.org ******
Questions on the style, SIGS policies, etc. to Adrienne Griscti griscti@acm.org

\footheight=\dimen115
\@maxsep=\dimen116
\@dblmaxsep=\dimen117
\aucount=\count91
\originalaucount=\count92
\auwidth=\dimen118
\auskip=\dimen119
\auskipcount=\count93
\auskip=\dimen120
\allauboxes=\dimen121
\addauthors=\toks21
\addauflag=\count94
\subtitletext=\toks22
\savesection=\count95
\sectioncntr=\count96
\c@figure=\count97
\c@table=\count98
\titleboxnotes=\toks23
\titleboxnoteflag=\count99
Document Class: sig-alternate 2005/26/07 - V1.8 - based on acmproc.cls V1.3 <No
v. 30 '99>

(/afs/cs.wisc.edu/s/tetex-2.0.2/i386_rh72/share/texmf/tex/latex/base/latexsym.s
ty
Package: latexsym 1998/08/17 v2.2e Standard LaTeX package (lasy symbols)
\symlasy=\mathgroup6
LaTeX Font Info:    Overwriting symbol font `lasy' in version `bold'
(Font)                  U/lasy/m/n --> U/lasy/b/n on input line 42.
)
\@acmtitlebox=\box28
\titlenotecount=\count100
\tntoks=\toks24
\tntokstwo=\toks25
\tntoksthree=\toks26
\tntoksfour=\toks27
\tntoksfive=\toks28
\catcount=\count101
\copyrightnotice=\toks29
\conf=\toks30
\confinfo=\toks31
\c@part=\count102
\c@section=\count103
\c@subsection=\count104
\c@subsubsection=\count105
\c@paragraph=\count106

Using 'Abbrev' bibliography style
\bibindent=\dimen122
\colcntr=\count107
\savebox=\box29
\copyrtyr=\toks32
\acmcopyr=\toks33
\boilerplate=\toks34
\copyrightetc=\toks35
) (./sig-alternate.aux)
\openout1 = `sig-alternate.aux'.

LaTeX Font Info:    Checking defaults for OML/cmm/m/it on input line 50.
LaTeX Font Info:    ... okay on input line 50.
LaTeX Font Info:    Checking defaults for T1/cmr/m/n on input line 50.
LaTeX Font Info:    ... okay on input line 50.
LaTeX Font Info:    Checking defaults for OT1/cmr/m/n on input line 50.
LaTeX Font Info:    ... okay on input line 50.
LaTeX Font Info:    Checking defaults for OMS/cmsy/m/n on input line 50.
LaTeX Font Info:    ... okay on input line 50.
LaTeX Font Info:    Checking defaults for OMX/cmex/m/n on input line 50.
LaTeX Font Info:    ... okay on input line 50.
LaTeX Font Info:    Checking defaults for U/cmr/m/n on input line 50.
LaTeX Font Info:    ... okay on input line 50.
LaTeX Font Info:    Try loading font information for U+msa on input line 119.

(/afs/cs.wisc.edu/s/tetex-2.0.2/i386_rh72/share/texmf/tex/latex/amsfonts/umsa.f
d
File: umsa.fd 2002/01/19 v2.2g AMS font definitions
)
LaTeX Font Info:    Try loading font information for U+msb on input line 119.

(/afs/cs.wisc.edu/s/tetex-2.0.2/i386_rh72/share/texmf/tex/latex/amsfonts/umsb.f
d
File: umsb.fd 2002/01/19 v2.2g AMS font definitions
)
LaTeX Font Info:    Try loading font information for U+lasy on input line 119.

(/afs/cs.wisc.edu/s/tetex-2.0.2/i386_rh72/share/texmf/tex/latex/base/ulasy.fd
File: ulasy.fd 1998/08/17 v2.2e LaTeX symbol font definitions
)
Overfull \hbox (1.22757pt too wide) in paragraph at lines 121--130
\OT1/cmr/m/it/9 Prepar-ing ACM SIG Pro-ceed-ings Us-ing L[]T[]X$\OT1/cmr/m/n/9 
2[]$ \OT1/cmr/m/it/9 and BibT[]X\OT1/cmr/m/n/9 .
 []


Overfull \hbox (1.52423pt too wide) in paragraph at lines 148--149
\OT1/cmr/m/n/9 H.4 [\OT1/cmr/bx/n/9 Information Sys-tems Ap-pli-ca-tions\OT1/cm
r/m/n/9 ]: Mis-cel-la-neous;
 []


Underfull \vbox (badness 10000) has occurred while \output is active []


Underfull \hbox (badness 10000) in paragraph at lines 172--172
\OT1/cmr/m/n/9 com-mands, you have al-ready used; an-other,
 []


Underfull \hbox (badness 1142) in paragraph at lines 172--172
\OT1/cmtt/m/n/9 \balancecolumns\OT1/cmr/m/n/9 , will be used in your very last 
run
 []

[1


]

LaTeX Warning: Citation `Lamport:LaTeX' on page \thepage  undefined on input li
ne 228.


LaTeX Warning: Citation `Lamport:LaTeX' on page \thepage  undefined on input li
ne 243.


LaTeX Warning: Citation `bowman:reasoning' on page \thepage  undefined on input
 line 270.


LaTeX Warning: Citation `clark:pct' on page \thepage  undefined on input line 2
70.


LaTeX Warning: Citation `braams:babel' on page \thepage  undefined on input lin
e 270.


LaTeX Warning: Citation `herlihy:methodology' on page \thepage  undefined on in
put line 270.


LaTeX Warning: Citation `clark:pct' on page \thepage  undefined on input line 2
71.


LaTeX Warning: Citation `salas:calculus' on page \thepage  undefined on input l
ine 272.


LaTeX Warning: Citation `Lamport:LaTeX' on page \thepage  undefined on input li
ne 272.


LaTeX Warning: Citation `Lamport:LaTeX' on page \thepage  undefined on input li
ne 278.


LaTeX Warning: Citation `Lamport:LaTeX' on page \thepage  undefined on input li
ne 289.

[2]
File: fly.eps Graphic file (type eps)
 <fly.eps>
File: fly.eps Graphic file (type eps)
 <fly.eps>
LaTeX Font Info:    Font shape `OT1/cmtt/bx/n' in size <9> not available
(Font)              Font shape `OT1/cmtt/m/n' tried instead on input line 372.
File: flies.eps Graphic file (type eps)
 <flies.eps>
File: rosette.ps Graphic file (type eps)
 <rosette.ps>
\c@theorem=\count108

Overfull \hbox (28.12209pt too wide) in paragraph at lines 411--415
[]\OT1/cmr/m/n/9 This uses the \OT1/cmr/bx/n/9 the-o-rem \OT1/cmr/m/n/9 en-vi-r
on-ment, cre-ated by the \OT1/cmtt/m/n/9 \newtheorem
 []

\c@definition=\count109

Overfull \hbox (15.60826pt too wide) detected at line 451
\OML/cmm/m/it/9 l \OT1/cmr/m/n/9 = [] \OML/cmm/m/it/9 f\OT1/cmr/m/n/9 (\OML/cmm
/m/it/9 x\OT1/cmr/m/n/9 ) = [] [] = [] \OML/cmm/m/it/9 g\OT1/cmr/m/n/9 (\OML/cm
m/m/it/9 x\OT1/cmr/m/n/9 ) \OMS/cmsy/m/n/9 ^^A [] [] \OT1/cmr/m/n/9 = 0 \OMS/cm
sy/m/n/9 ^^A \OML/cmm/m/it/9 L \OT1/cmr/m/n/9 = 0\OML/cmm/m/it/9 ;
 []


LaTeX Warning: Citation `salas:calculus' on page \thepage  undefined on input l
ine 461.

[3]
No file sig-alternate.bbl.

Overfull \hbox (12.1958pt too wide) in paragraph at lines 542--546
\OT1/cmr/m/n/9 just add the names and in-for-ma-tion in the \OT1/cmtt/m/n/9 \ad
ditionalauthors
 []

[4] (./sig-alternate.aux) ) 
Here is how much of TeX's memory you used:
 1583 strings out of 95847
 18909 string characters out of 1194058
 73350 words of memory out of 1000001
 4508 multiletter control sequences out of 10000+50000
 20562 words of font info for 57 fonts, out of 500000 for 1000
 14 hyphenation exceptions out of 1000
 39i,14n,26p,454b,445s stack positions out of 1500i,500n,5000p,200000b,5000s

Output written on sig-alternate.dvi (4 pages, 26912 bytes).
