This is pdfeTeX, Version 3.141592-1.21a-2.2 (Web2C 7.5.4) (format=latex 2006.8.22)  22 AUG 2006 23:40
entering extended mode
**OLD-MAIN
(./OLD-MAIN.tex
LaTeX2e <2003/12/01>
Babel <v3.8d> and hyphenation patterns for american, french, german, ngerman, b
ahasa, basque, bulgarian, catalan, croatian, czech, danish, dutch, esperanto, e
stonian, finnish, greek, icelandic, irish, italian, latin, magyar, norsk, polis
h, portuges, romanian, russian, serbian, slovak, slovene, spanish, swedish, tur
kish, ukrainian, nohyphenation, loaded.

(/afs/cs.wisc.edu/s/tetex-3.0/i386_tao10/share/texmf/tex/latex/base/article.cls
Document Class: article 2004/02/16 v1.4f Standard LaTeX document class
(/afs/cs.wisc.edu/s/tetex-3.0/i386_tao10/share/texmf/tex/latex/base/size10.clo
File: size10.clo 2004/02/16 v1.4f Standard LaTeX file (size option)
)
\c@part=\count79
\c@section=\count80
\c@subsection=\count81
\c@subsubsection=\count82
\c@paragraph=\count83
\c@subparagraph=\count84
\c@figure=\count85
\c@table=\count86
\abovecaptionskip=\skip41
\belowcaptionskip=\skip42
\bibindent=\dimen102
)
(/afs/cs.wisc.edu/s/tetex-3.0/i386_tao10/share/texmf/tex/latex/preprint/fullpag
e.sty
Package: fullpage 1999/02/23 1.1 (PWD)
\FP@margin=\skip43
)
\c@myctr=\count87
\c@model=\count88
\c@definition=\count89
 (./OLD-MAIN.aux)
\openout1 = `OLD-MAIN.aux'.

LaTeX Font Info:    Checking defaults for OML/cmm/m/it on input line 80.
LaTeX Font Info:    ... okay on input line 80.
LaTeX Font Info:    Checking defaults for T1/cmr/m/n on input line 80.
LaTeX Font Info:    ... okay on input line 80.
LaTeX Font Info:    Checking defaults for OT1/cmr/m/n on input line 80.
LaTeX Font Info:    ... okay on input line 80.
LaTeX Font Info:    Checking defaults for OMS/cmsy/m/n on input line 80.
LaTeX Font Info:    ... okay on input line 80.
LaTeX Font Info:    Checking defaults for OMX/cmex/m/n on input line 80.
LaTeX Font Info:    ... okay on input line 80.
LaTeX Font Info:    Checking defaults for U/cmr/m/n on input line 80.
LaTeX Font Info:    ... okay on input line 80.
LaTeX Font Info:    External font `cmex10' loaded for size
(Font)              <12> on input line 87.
LaTeX Font Info:    External font `cmex10' loaded for size
(Font)              <8> on input line 87.
LaTeX Font Info:    External font `cmex10' loaded for size
(Font)              <6> on input line 87.
 (./1-introduction.tex [1

]
LaTeX Font Info:    External font `cmex10' loaded for size
(Font)              <7> on input line 144.
LaTeX Font Info:    External font `cmex10' loaded for size
(Font)              <5> on input line 144.
 [2]
LaTeX Font Info:    External font `cmex10' loaded for size
(Font)              <14.4> on input line 270.
) (./2-overview.tex
LaTeX Font Info:    Try loading font information for OMS+cmtt on input line 19.

LaTeX Font Info:    No file OMScmtt.fd. on input line 19.


LaTeX Font Warning: Font shape `OMS/cmtt/m/n' undefined
(Font)              using `OMS/cmsy/m/n' instead
(Font)              for symbol `textbraceleft' on input line 19.

LaTeX Font Info:    Font shape `OT1/cmtt/bx/n' in size <7> not available
(Font)              Font shape `OT1/cmtt/m/n' tried instead on input line 21.
LaTeX Font Info:    Font shape `OT1/cmtt/bx/n' in size <10> not available
(Font)              Font shape `OT1/cmtt/m/n' tried instead on input line 59.
LaTeX Font Info:    Font shape `OT1/cmtt/bx/n' in size <9> not available
(Font)              Font shape `OT1/cmtt/m/n' tried instead on input line 59.
[3]
LaTeX Font Info:    External font `cmex10' loaded for size
(Font)              <9> on input line 115.
 [4]) (./3-langfing.tex [5]
LaTeX Font Info:    Try loading font information for OMS+cmr on input line 81.

(/afs/cs.wisc.edu/s/tetex-3.0/i386_tao10/share/texmf/tex/latex/base/omscmr.fd
File: omscmr.fd 1999/05/25 v2.5h Standard LaTeX font definitions
)
LaTeX Font Info:    Font shape `OMS/cmr/m/n' in size <10> not available
(Font)              Font shape `OMS/cmsy/m/n' tried instead on input line 81.

Overfull \hbox (1.24088pt too wide) in paragraph at lines 94--109
[]\OT1/cmr/m/n/10 For ex-am-ple, $\OMS/cmsy/m/n/10 B$ \OT1/cmr/m/n/10 = \OMS/cm
sy/m/n/10 f\OT1/cmtt/m/n/9 (a|b)\OT1/cmr/m/n/10 , \OT1/cmtt/m/n/9 (c|d)\OMS/cms
y/m/n/10 g \OT1/cmr/m/n/10 is a ba-sis of the set of reg-u-lar lan-guages $\OMS
/cmsy/m/n/10 L$ \OT1/cmr/m/n/10 = \OMS/cmsy/m/n/10 f\OT1/cmtt/m/n/9 (a|b)$\OMS/
cmsy/m/n/9 ^^A$\OT1/cmtt/m/n/9 (c|d)*\OT1/cmr/m/n/10 , \OT1/cmtt/m/n/9 (a|b)*$\
OMS/cmsy/m/n/9 ^^A$\OT1/cmtt/m/n/9 (c|d)\OMS/cmsy/m/n/10 g\OT1/cmr/m/n/10 .
 []

[6]) (./4-implementation.tex) (./5-results.tex
LaTeX Font Info:    Font shape `OT1/cmtt/bx/n' in size <12> not available
(Font)              Font shape `OT1/cmtt/m/n' tried instead on input line 13.
) (./6-relatedwork.tex)
(./7-conclusions.tex) (./OLD-MAIN.bbl [7]) [8] (./OLD-MAIN.aux)

LaTeX Font Warning: Some font shapes were not available, defaults substituted.

 ) 
Here is how much of TeX's memory you used:
 421 strings out of 94501
 4945 string characters out of 1171084
 56348 words of memory out of 1000000
 3617 multiletter control sequences out of 10000+50000
 12411 words of font info for 44 fonts, out of 500000 for 2000
 580 hyphenation exceptions out of 1000
 26i,14n,20p,3191b,393s stack positions out of 1500i,500n,5000p,200000b,5000s

Output written on OLD-MAIN.dvi (8 pages, 44656 bytes).
